#
# A fatal error has been detected by the Java Runtime Environment:
#
#  SIGSEGV (0xb) at pc=0x00007f065c2290e2, pid=7819, tid=139666904794880
#
# JRE version: OpenJDK Runtime Environment (8.0_40-b09) (build 1.8.0_40-internal-b09)
# Java VM: OpenJDK 64-Bit Server VM (25.40-b13 mixed mode linux-amd64 compressed oops)
# Problematic frame:
# C  [libgdk-x11-2.0.so.0+0x4e0e2]  gdk_display_open+0x52
#
# Failed to write core dump. Core dumps have been disabled. To enable core dumping, try "ulimit -c unlimited" before starting Java again
#
# If you would like to submit a bug report, please visit:
#   http://bugreport.sun.com/bugreport/crash.jsp
# The crash happened outside the Java Virtual Machine in native code.
# See problematic frame for where to report the bug.
#

---------------  T H R E A D  ---------------

Current thread (0x00007f06b400a000):  JavaThread "main" [_thread_in_native, id=7825, stack(0x00007f06bc2f4000,0x00007f06bc3f5000)]

siginfo: si_signo: 11 (SIGSEGV), si_code: 1 (SEGV_MAPERR), si_addr: 0x0000000000000114

Registers:
RAX=0x0000000000000000, RBX=0x00007f06b4616420, RCX=0x0000000000000000, RDX=0x0000000000000000
RSP=0x00007f06bc3f2150, RBP=0x00007f06bc3f22b0, RSI=0x00007f065c228ee0, RDI=0x00007f06b4616420
R8 =0x00007f06bc3f4700, R9 =0x00007f06b461d3d0, R10=0x00007f06bbfd8760, R11=0x0000000000000000
R12=0x00007f065cd38870, R13=0x00007f06b4080880, R14=0x00007f06b4610978, R15=0x0000000000000001
RIP=0x00007f065c2290e2, EFLAGS=0x0000000000010246, CSGSFS=0x0000000000000033, ERR=0x0000000000000006
  TRAPNO=0x000000000000000e

Top of Stack: (sp=0x00007f06bc3f2150)
0x00007f06bc3f2150:   0000000000000000 0000000000000000
0x00007f06bc3f2160:   00007f06b425ebe0 00007f06678e508a
0x00007f06bc3f2170:   0000000000000000 0000000000000008
0x00007f06bc3f2180:   0000000000000020 00007f06b425ebe0
0x00007f06bc3f2190:   0000000000000018 00007f0647ff9070
0x00007f06bc3f21a0:   0000000000000000 00007f06b4080880
0x00007f06bc3f21b0:   00007f06b4610978 0000000000000001
0x00007f06bc3f21c0:   00007f06bc3f22b0 00007f06bc1fe557
0x00007f06bc3f21d0:   0000000000000005 0000000000000000
0x00007f06bc3f21e0:   00007f06b425ebe0 00007f065c1e15e8
0x00007f06bc3f21f0:   00007f065cd319c0 e609ff7596c4d300
0x00007f06bc3f2200:   00007f065cd38870 00007f065cd319c0
0x00007f06bc3f2210:   00007f06bc3f22b0 00007f065cd38870
0x00007f06bc3f2220:   00007f06b4080880 00007f06b4610978
0x00007f06bc3f2230:   0000000000000001 00007f065c1f900d
0x00007f06bc3f2240:   00007f06b425ebe0 00007f065cd319c0
0x00007f06bc3f2250:   00007f06bc3f22b0 00007f0647ae25d2
0x00007f06bc3f2260:   00007f06bc3f22b0 00007f065cd44575
0x00007f06bc3f2270:   00007f06b4610988 00007f06b400a1d8
0x00007f06bc3f2280:   00007f06bc3f2330 00007f06a4913d78
0x00007f06bc3f2290:   0000000000000000 00007f06a4913d78
0x00007f06bc3f22a0:   00007f06bc3f2330 00007f06b400a000
0x00007f06bc3f22b0:   00007f06bc3f22c0 00007f065cd40209
0x00007f06bc3f22c0:   00007f06bc3f2318 00007f06a50156d4
0x00007f06bc3f22d0:   00007f06a5015422 00007f06bc3f22d8
0x00007f06bc3f22e0:   00007f06a4913d78 00007f06bc3f2330
0x00007f06bc3f22f0:   00007f06a49144a0 0000000000000000
0x00007f06bc3f2300:   00007f06a4913d78 0000000000000000
0x00007f06bc3f2310:   00007f06bc3f2338 00007f06bc3f2388
0x00007f06bc3f2320:   00007f06a5007160 00000000d7218ab0
0x00007f06bc3f2330:   00007f06a500f2a0 00000000d7218fd0
0x00007f06bc3f2340:   00000000d7218fd0 00007f06bc3f2338 

Instructions: (pc=0x00007f065c2290e2)
0x00007f065c2290c2:   07 00 00 e8 b6 fe ff ff 31 f6 48 89 c7 31 c0 e8
0x00007f065c2290d2:   2a e0 fc ff 48 8d 35 03 fe ff ff 31 d2 48 89 df
0x00007f065c2290e2:   c7 80 14 01 00 00 01 00 00 00 48 89 98 d8 00 00
0x00007f065c2290f2:   00 49 89 c5 e8 d5 e4 fc ff 48 8d 35 fe 46 26 00 

Register to memory mapping:

RAX=0x0000000000000000 is an unknown value
RBX=0x00007f06b4616420 is an unknown value
RCX=0x0000000000000000 is an unknown value
RDX=0x0000000000000000 is an unknown value
RSP=0x00007f06bc3f2150 is pointing into the stack for thread: 0x00007f06b400a000
RBP=0x00007f06bc3f22b0 is pointing into the stack for thread: 0x00007f06b400a000
RSI=0x00007f065c228ee0: <offset 0x4dee0> in /usr/lib/x86_64-linux-gnu/libgdk-x11-2.0.so.0 at 0x00007f065c1db000
RDI=0x00007f06b4616420 is an unknown value
R8 =0x00007f06bc3f4700 is pointing into the stack for thread: 0x00007f06b400a000
R9 =0x00007f06b461d3d0 is an unknown value
R10=0x00007f06bbfd8760: <offset 0x3bd760> in /lib/x86_64-linux-gnu/libc.so.6 at 0x00007f06bbc1b000
R11=0x0000000000000000 is an unknown value
R12=0x00007f065cd38870: <offset 0x34870> in /usr/lib/jvm/java-8-openjdk-amd64/jre/lib/amd64/libawt_xawt.so at 0x00007f065cd04000
R13=0x00007f06b4080880 is an unknown value
R14=0x00007f06b4610978 is an unknown value
R15=0x0000000000000001 is an unknown value


Stack: [0x00007f06bc2f4000,0x00007f06bc3f5000],  sp=0x00007f06bc3f2150,  free space=1016k
Native frames: (J=compiled Java code, j=interpreted, Vv=VM code, C=native code)
C  [libgdk-x11-2.0.so.0+0x4e0e2]  gdk_display_open+0x52
C  [libawt_xawt.so+0x3c209]  Java_sun_awt_UNIXToolkit_load_1gtk+0x9
j  sun.awt.UNIXToolkit.load_gtk()Z+0
j  sun.awt.UNIXToolkit.loadGTK()Z+13
j  com.sun.java.swing.plaf.gtk.GTKLookAndFeel.initialize()V+15
j  javax.swing.UIManager.setLookAndFeel(Ljavax/swing/LookAndFeel;)V+74
j  javax.swing.UIManager.setLookAndFeel(Ljava/lang/String;)V+37
j  Client.ClientWindow.createLinuxWindow()V+3
j  Client.ClientWindow.<init>(Ljava/lang/String;Ljava/lang/String;I)V+78
j  Client.LoginLinux$2.onClicked(Lorg/gnome/gtk/Button;)V+24
j  org.gnome.gtk.GtkButton.receiveClicked(Lorg/gnome/glib/Signal;J)V+11
v  ~StubRoutines::call_stub
V  [libjvm.so+0x67ed83]
V  [libjvm.so+0x68faa9]
V  [libjvm.so+0x6a1a33]
C  [libgtkjni-4.1.3.so+0xada65]
C  [libgobject-2.0.so.0+0x10245]  g_closure_invoke+0x145

Java frames: (J=compiled Java code, j=interpreted, Vv=VM code)
j  sun.awt.UNIXToolkit.load_gtk()Z+0
j  sun.awt.UNIXToolkit.loadGTK()Z+13
j  com.sun.java.swing.plaf.gtk.GTKLookAndFeel.initialize()V+15
j  javax.swing.UIManager.setLookAndFeel(Ljavax/swing/LookAndFeel;)V+74
j  javax.swing.UIManager.setLookAndFeel(Ljava/lang/String;)V+37
j  Client.ClientWindow.createLinuxWindow()V+3
j  Client.ClientWindow.<init>(Ljava/lang/String;Ljava/lang/String;I)V+78
j  Client.LoginLinux$2.onClicked(Lorg/gnome/gtk/Button;)V+24
j  org.gnome.gtk.GtkButton.receiveClicked(Lorg/gnome/glib/Signal;J)V+11
v  ~StubRoutines::call_stub
j  org.gnome.gtk.GtkMain.gtk_main()V+0
j  org.gnome.gtk.GtkMain.main()V+0
j  org.gnome.gtk.Gtk.main()V+0
j  Client.LoginLinux.main([Ljava/lang/String;)V+10
v  ~StubRoutines::call_stub

---------------  P R O C E S S  ---------------

Java Threads: ( => current thread )
  0x00007f06b45af000 JavaThread "AWT-XAWT" daemon [_thread_in_native, id=7846, stack(0x00007f065c6a8000,0x00007f065c7a9000)]
  0x00007f06b4596800 JavaThread "Java2D Disposer" daemon [_thread_blocked, id=7845, stack(0x00007f065c7a9000,0x00007f065c8aa000)]
  0x00007f06b41ac000 JavaThread "Service Thread" daemon [_thread_blocked, id=7837, stack(0x00007f0696486000,0x00007f0696587000)]
  0x00007f06b40b2800 JavaThread "C1 CompilerThread2" daemon [_thread_blocked, id=7836, stack(0x00007f0696587000,0x00007f0696688000)]
  0x00007f06b40b0800 JavaThread "C2 CompilerThread1" daemon [_thread_blocked, id=7835, stack(0x00007f0696688000,0x00007f0696789000)]
  0x00007f06b40ad800 JavaThread "C2 CompilerThread0" daemon [_thread_blocked, id=7834, stack(0x00007f0696789000,0x00007f069688a000)]
  0x00007f06b40ab800 JavaThread "Signal Dispatcher" daemon [_thread_blocked, id=7833, stack(0x00007f069688a000,0x00007f069698b000)]
  0x00007f06b407e800 JavaThread "Finalizer" daemon [_thread_blocked, id=7832, stack(0x00007f069706d000,0x00007f069716e000)]
  0x00007f06b407c800 JavaThread "Reference Handler" daemon [_thread_blocked, id=7831, stack(0x00007f069716e000,0x00007f069726f000)]
=>0x00007f06b400a000 JavaThread "main" [_thread_in_native, id=7825, stack(0x00007f06bc2f4000,0x00007f06bc3f5000)]

Other Threads:
  0x00007f06b4077800 VMThread [stack: 0x00007f069726f000,0x00007f0697370000] [id=7830]
  0x00007f06b41ae800 WatcherThread [stack: 0x00007f0696385000,0x00007f0696486000] [id=7838]

VM state:not at safepoint (normal execution)

VM Mutex/Monitor currently owned by a thread: None

Heap:
 PSYoungGen      total 36864K, used 7768K [0x00000000d6c00000, 0x00000000d9500000, 0x0000000100000000)
  eden space 31744K, 24% used [0x00000000d6c00000,0x00000000d73962c8,0x00000000d8b00000)
  from space 5120K, 0% used [0x00000000d9000000,0x00000000d9000000,0x00000000d9500000)
  to   space 5120K, 0% used [0x00000000d8b00000,0x00000000d8b00000,0x00000000d9000000)
 ParOldGen       total 84992K, used 0K [0x0000000084400000, 0x0000000089700000, 0x00000000d6c00000)
  object space 84992K, 0% used [0x0000000084400000,0x0000000084400000,0x0000000089700000)
 Metaspace       used 8338K, capacity 8524K, committed 8704K, reserved 1056768K
  class space    used 931K, capacity 1005K, committed 1024K, reserved 1048576K

Card table byte_map: [0x00007f06b860e000,0x00007f06b89ed000] byte_map_base: 0x00007f06b81ec000

Marking Bits: (ParMarkBitMap*) 0x00007f06bb5c4cc0
 Begin Bits: [0x00007f069c220000, 0x00007f069e110000)
 End Bits:   [0x00007f069e110000, 0x00007f06a0000000)

Polling page: 0x00007f06bc40e000

CodeCache: size=245760Kb used=2070Kb max_used=2070Kb free=243689Kb
 bounds [0x00007f06a5000000, 0x00007f06a5270000, 0x00007f06b4000000]
 total_blobs=855 nmethods=409 adapters=361
 compilation: enabled

Compilation events (10 events):
Event: 6.275 Thread 0x00007f06b40b2800  406       3       java.lang.String::startsWith (72 bytes)
Event: 6.276 Thread 0x00007f06b40b2800 nmethod 406 0x00007f06a5202c50 code [0x00007f06a5202dc0, 0x00007f06a52030f0]
Event: 6.276 Thread 0x00007f06b40b2800  403       3       java.net.URLClassLoader$1::<init> (15 bytes)
Event: 6.276 Thread 0x00007f06b40b2800 nmethod 403 0x00007f06a5202850 code [0x00007f06a52029c0, 0x00007f06a5202b90]
Event: 6.280 Thread 0x00007f06b40b2800  407       3       java.util.HashMap::resize (359 bytes)
Event: 6.281 Thread 0x00007f06b40b2800 nmethod 407 0x00007f06a5203d50 code [0x00007f06a5203fa0, 0x00007f06a52051c8]
Event: 6.298 Thread 0x00007f06b40b2800  408       3       java.util.Vector::elementData (7 bytes)
Event: 6.298 Thread 0x00007f06b40b2800 nmethod 408 0x00007f06a5202490 code [0x00007f06a5202600, 0x00007f06a5202770]
Event: 6.300 Thread 0x00007f06b40b2800  409  s    3       java.util.Vector::elementAt (48 bytes)
Event: 6.300 Thread 0x00007f06b40b2800 nmethod 409 0x00007f06a5205910 code [0x00007f06a5205b20, 0x00007f06a52066a8]

GC Heap History (0 events):
No events

Deoptimization events (2 events):
Event: 0.081 Thread 0x00007f06b400a000 Uncommon trap: reason=unstable_if action=reinterpret pc=0x00007f06a513d33c method=java.lang.String.indexOf(II)I @ 17
Event: 6.274 Thread 0x00007f06b400a000 Uncommon trap: reason=unstable_if action=reinterpret pc=0x00007f06a51bdc9c method=java.lang.String.startsWith(Ljava/lang/String;I)Z @ 25

Internal exceptions (10 events):
Event: 6.205 Thread 0x00007f06b400a000 Exception <a 'java/security/PrivilegedActionException'> (0x00000000d7191770) thrown at [/build/buildd/openjdk-8-8u40~b09/src/hotspot/src/share/vm/prims/jvm.cpp, line 1288]
Event: 6.207 Thread 0x00007f06b400a000 Exception <a 'java/io/FileNotFoundException'> (0x00000000d719a430) thrown at [/build/buildd/openjdk-8-8u40~b09/src/hotspot/src/share/vm/prims/jni.cpp, line 709]
Event: 6.210 Thread 0x00007f06b400a000 Exception <a 'java/security/PrivilegedActionException'> (0x00000000d71a3418) thrown at [/build/buildd/openjdk-8-8u40~b09/src/hotspot/src/share/vm/prims/jvm.cpp, line 1288]
Event: 6.224 Thread 0x00007f06b400a000 Exception <a 'java/lang/ClassNotFoundException': sun/dc/DuctusRenderingEngine> (0x00000000d71b9198) thrown at [/build/buildd/openjdk-8-8u40~b09/src/hotspot/src/share/vm/classfile/systemDictionary.cpp, line 211]
Event: 6.271 Thread 0x00007f06b400a000 Exception <a 'java/security/PrivilegedActionException'> (0x00000000d731c400) thrown at [/build/buildd/openjdk-8-8u40~b09/src/hotspot/src/share/vm/prims/jvm.cpp, line 1288]
Event: 6.273 Thread 0x00007f06b400a000 Exception <a 'java/security/PrivilegedActionException'> (0x00000000d731e950) thrown at [/build/buildd/openjdk-8-8u40~b09/src/hotspot/src/share/vm/prims/jvm.cpp, line 1288]
Event: 6.274 Thread 0x00007f06b400a000 Exception <a 'java/security/PrivilegedActionException'> (0x00000000d73266c8) thrown at [/build/buildd/openjdk-8-8u40~b09/src/hotspot/src/share/vm/prims/jvm.cpp, line 1288]
Event: 6.274 Thread 0x00007f06b400a000 Exception <a 'java/security/PrivilegedActionException'> (0x00000000d7328c18) thrown at [/build/buildd/openjdk-8-8u40~b09/src/hotspot/src/share/vm/prims/jvm.cpp, line 1288]
Event: 6.280 Thread 0x00007f06b400a000 Exception <a 'java/security/PrivilegedActionException'> (0x00000000d73514e0) thrown at [/build/buildd/openjdk-8-8u40~b09/src/hotspot/src/share/vm/prims/jvm.cpp, line 1288]
Event: 6.303 Thread 0x00007f06b400a000 Exception <a 'java/lang/NoClassDefFoundError': org/gnome/glib/FatalError> (0x00000000d735c410) thrown at [/build/buildd/openjdk-8-8u40~b09/src/hotspot/src/share/vm/classfile/systemDictionary.cpp, line 209]

Events (10 events):
Event: 6.302 loading class javax/swing/plaf/synth/SynthLookAndFeel$Handler
Event: 6.302 loading class javax/swing/plaf/synth/SynthLookAndFeel$Handler done
Event: 6.302 loading class javax/swing/plaf/basic/BasicPopupMenuUI
Event: 6.302 loading class javax/swing/plaf/PopupMenuUI
Event: 6.302 loading class javax/swing/plaf/PopupMenuUI done
Event: 6.302 loading class javax/swing/plaf/basic/BasicPopupMenuUI done
Event: 6.302 loading class sun/misc/GThreadHelper
Event: 6.302 loading class sun/misc/GThreadHelper done
Event: 6.303 loading class org/gnome/glib/FatalError
Event: 6.303 loading class org/gnome/glib/FatalError done


Dynamic libraries:
00400000-00401000 r-xp 00000000 08:01 19406667                           /usr/lib/jvm/java-8-openjdk-amd64/jre/bin/java
00600000-00601000 r--p 00000000 08:01 19406667                           /usr/lib/jvm/java-8-openjdk-amd64/jre/bin/java
00601000-00602000 rw-p 00001000 08:01 19406667                           /usr/lib/jvm/java-8-openjdk-amd64/jre/bin/java
01678000-01699000 rw-p 00000000 00:00 0                                  [heap]
84400000-89700000 rw-p 00000000 00:00 0 
89700000-d6c00000 ---p 00000000 00:00 0 
d6c00000-d9500000 rw-p 00000000 00:00 0 
d9500000-100000000 ---p 00000000 00:00 0 
100000000-100100000 rw-p 00000000 00:00 0 
100100000-140000000 ---p 00000000 00:00 0 
7f06479b2000-7f0647df2000 r-xp 00000000 08:01 19276111                   /usr/lib/x86_64-linux-gnu/libgtk-x11-2.0.so.0.2400.25
7f0647df2000-7f0647ff2000 ---p 00440000 08:01 19276111                   /usr/lib/x86_64-linux-gnu/libgtk-x11-2.0.so.0.2400.25
7f0647ff2000-7f0647ff9000 r--p 00440000 08:01 19276111                   /usr/lib/x86_64-linux-gnu/libgtk-x11-2.0.so.0.2400.25
7f0647ff9000-7f0647ffd000 rw-p 00447000 08:01 19276111                   /usr/lib/x86_64-linux-gnu/libgtk-x11-2.0.so.0.2400.25
7f0647ffd000-7f0648000000 rw-p 00000000 00:00 0 
7f0648000000-7f0648022000 rw-p 00000000 00:00 0 
7f0648022000-7f064c000000 ---p 00000000 00:00 0 
7f064c000000-7f064c021000 rw-p 00000000 00:00 0 
7f064c021000-7f0650000000 ---p 00000000 00:00 0 
7f0650000000-7f0650021000 rw-p 00000000 00:00 0 
7f0650021000-7f0654000000 ---p 00000000 00:00 0 
7f0654000000-7f0654022000 rw-p 00000000 00:00 0 
7f0654022000-7f0658000000 ---p 00000000 00:00 0 
7f0658000000-7f0658021000 rw-p 00000000 00:00 0 
7f0658021000-7f065c000000 ---p 00000000 00:00 0 
7f065c1db000-7f065c28b000 r-xp 00000000 08:01 19275937                   /usr/lib/x86_64-linux-gnu/libgdk-x11-2.0.so.0.2400.25
7f065c28b000-7f065c48a000 ---p 000b0000 08:01 19275937                   /usr/lib/x86_64-linux-gnu/libgdk-x11-2.0.so.0.2400.25
7f065c48a000-7f065c48e000 r--p 000af000 08:01 19275937                   /usr/lib/x86_64-linux-gnu/libgdk-x11-2.0.so.0.2400.25
7f065c48e000-7f065c490000 rw-p 000b3000 08:01 19275937                   /usr/lib/x86_64-linux-gnu/libgdk-x11-2.0.so.0.2400.25
7f065c490000-7f065c4a6000 r-xp 00000000 08:01 19534311                   /usr/lib/jvm/java-8-openjdk-amd64/jre/lib/amd64/libnet.so
7f065c4a6000-7f065c6a6000 ---p 00016000 08:01 19534311                   /usr/lib/jvm/java-8-openjdk-amd64/jre/lib/amd64/libnet.so
7f065c6a6000-7f065c6a7000 r--p 00016000 08:01 19534311                   /usr/lib/jvm/java-8-openjdk-amd64/jre/lib/amd64/libnet.so
7f065c6a7000-7f065c6a8000 rw-p 00017000 08:01 19534311                   /usr/lib/jvm/java-8-openjdk-amd64/jre/lib/amd64/libnet.so
7f065c6a8000-7f065c6ab000 ---p 00000000 00:00 0 
7f065c6ab000-7f065c7a9000 rw-p 00000000 00:00 0                          [stack:7846]
7f065c7a9000-7f065c7ac000 ---p 00000000 00:00 0 
7f065c7ac000-7f065c8aa000 rw-p 00000000 00:00 0                          [stack:7845]
7f065c8aa000-7f065c8fb000 r-xp 00000000 08:01 19534314                   /usr/lib/jvm/java-8-openjdk-amd64/jre/lib/amd64/libfontmanager.so
7f065c8fb000-7f065cafa000 ---p 00051000 08:01 19534314                   /usr/lib/jvm/java-8-openjdk-amd64/jre/lib/amd64/libfontmanager.so
7f065cafa000-7f065cafd000 r--p 00050000 08:01 19534314                   /usr/lib/jvm/java-8-openjdk-amd64/jre/lib/amd64/libfontmanager.so
7f065cafd000-7f065cafe000 rw-p 00053000 08:01 19534314                   /usr/lib/jvm/java-8-openjdk-amd64/jre/lib/amd64/libfontmanager.so
7f065cafe000-7f065cb03000 r-xp 00000000 08:01 19275624                   /usr/lib/x86_64-linux-gnu/libXtst.so.6.1.0
7f065cb03000-7f065cd02000 ---p 00005000 08:01 19275624                   /usr/lib/x86_64-linux-gnu/libXtst.so.6.1.0
7f065cd02000-7f065cd03000 r--p 00004000 08:01 19275624                   /usr/lib/x86_64-linux-gnu/libXtst.so.6.1.0
7f065cd03000-7f065cd04000 rw-p 00005000 08:01 19275624                   /usr/lib/x86_64-linux-gnu/libXtst.so.6.1.0
7f065cd04000-7f065cd5b000 r-xp 00000000 08:01 19534307                   /usr/lib/jvm/java-8-openjdk-amd64/jre/lib/amd64/libawt_xawt.so
7f065cd5b000-7f065cf5b000 ---p 00057000 08:01 19534307                   /usr/lib/jvm/java-8-openjdk-amd64/jre/lib/amd64/libawt_xawt.so
7f065cf5b000-7f065cf5c000 r--p 00057000 08:01 19534307                   /usr/lib/jvm/java-8-openjdk-amd64/jre/lib/amd64/libawt_xawt.so
7f065cf5c000-7f065cf5f000 rw-p 00058000 08:01 19534307                   /usr/lib/jvm/java-8-openjdk-amd64/jre/lib/amd64/libawt_xawt.so
7f065cf5f000-7f065cf60000 rw-p 00000000 00:00 0 
7f065cf60000-7f065d000000 r-xp 00000000 08:01 19531366                   /usr/lib/jvm/java-8-openjdk-amd64/jre/lib/amd64/libawt.so
7f065d000000-7f065d200000 ---p 000a0000 08:01 19531366                   /usr/lib/jvm/java-8-openjdk-amd64/jre/lib/amd64/libawt.so
7f065d200000-7f065d201000 r--p 000a0000 08:01 19531366                   /usr/lib/jvm/java-8-openjdk-amd64/jre/lib/amd64/libawt.so
7f065d201000-7f065d20c000 rw-p 000a1000 08:01 19531366                   /usr/lib/jvm/java-8-openjdk-amd64/jre/lib/amd64/libawt.so
7f065d20c000-7f065d231000 rw-p 00000000 00:00 0 
7f065d231000-7f065d232000 ---p 00000000 00:00 0 
7f065d232000-7f065da32000 rw-p 00000000 00:00 0                          [stack:7842]
7f065da32000-7f065da33000 ---p 00000000 00:00 0 
7f065da33000-7f065e233000 rw-p 00000000 00:00 0 
7f065e233000-7f065e234000 ---p 00000000 00:00 0 
7f065e234000-7f065ea34000 rw-p 00000000 00:00 0                          [stack:7840]
7f065ea34000-7f065ea8c000 r-xp 00000000 08:01 19276145                   /usr/lib/x86_64-linux-gnu/libibus-1.0.so.5.0.508
7f065ea8c000-7f065ec8c000 ---p 00058000 08:01 19276145                   /usr/lib/x86_64-linux-gnu/libibus-1.0.so.5.0.508
7f065ec8c000-7f065ec8e000 r--p 00058000 08:01 19276145                   /usr/lib/x86_64-linux-gnu/libibus-1.0.so.5.0.508
7f065ec8e000-7f065ec8f000 rw-p 0005a000 08:01 19276145                   /usr/lib/x86_64-linux-gnu/libibus-1.0.so.5.0.508
7f065ec8f000-7f065ec90000 rw-p 00000000 00:00 0 
7f065ec90000-7f065ec97000 r-xp 00000000 08:01 19532740                   /usr/lib/x86_64-linux-gnu/gtk-3.0/3.0.0/immodules/im-ibus.so
7f065ec97000-7f065ee96000 ---p 00007000 08:01 19532740                   /usr/lib/x86_64-linux-gnu/gtk-3.0/3.0.0/immodules/im-ibus.so
7f065ee96000-7f065ee97000 r--p 00006000 08:01 19532740                   /usr/lib/x86_64-linux-gnu/gtk-3.0/3.0.0/immodules/im-ibus.so
7f065ee97000-7f065ee98000 rw-p 00007000 08:01 19532740                   /usr/lib/x86_64-linux-gnu/gtk-3.0/3.0.0/immodules/im-ibus.so
7f065ee98000-7f065ee9f000 r-xp 00000000 08:01 19276320                   /usr/lib/x86_64-linux-gnu/libogg.so.0.8.2
7f065ee9f000-7f065f09f000 ---p 00007000 08:01 19276320                   /usr/lib/x86_64-linux-gnu/libogg.so.0.8.2
7f065f09f000-7f065f0a0000 r--p 00007000 08:01 19276320                   /usr/lib/x86_64-linux-gnu/libogg.so.0.8.2
7f065f0a0000-7f065f0a1000 rw-p 00008000 08:01 19276320                   /usr/lib/x86_64-linux-gnu/libogg.so.0.8.2
7f065f0a1000-7f065f0cd000 r-xp 00000000 08:01 19276595                   /usr/lib/x86_64-linux-gnu/libvorbis.so.0.4.5
7f065f0cd000-7f065f2cc000 ---p 0002c000 08:01 19276595                   /usr/lib/x86_64-linux-gnu/libvorbis.so.0.4.5
7f065f2cc000-7f065f2cd000 r--p 0002b000 08:01 19276595                   /usr/lib/x86_64-linux-gnu/libvorbis.so.0.4.5
7f065f2cd000-7f065f2ce000 rw-p 0002c000 08:01 19276595                   /usr/lib/x86_64-linux-gnu/libvorbis.so.0.4.5
7f065f2ce000-7f065f2d7000 r-xp 00000000 08:01 19276223                   /usr/lib/x86_64-linux-gnu/libltdl.so.7.3.0
7f065f2d7000-7f065f4d6000 ---p 00009000 08:01 19276223                   /usr/lib/x86_64-linux-gnu/libltdl.so.7.3.0
7f065f4d6000-7f065f4d7000 r--p 00008000 08:01 19276223                   /usr/lib/x86_64-linux-gnu/libltdl.so.7.3.0
7f065f4d7000-7f065f4d8000 rw-p 00009000 08:01 19276223                   /usr/lib/x86_64-linux-gnu/libltdl.so.7.3.0
7f065f4d8000-7f065f4ec000 r-xp 00000000 08:01 19276523                   /usr/lib/x86_64-linux-gnu/libtdb.so.1.3.0
7f065f4ec000-7f065f6eb000 ---p 00014000 08:01 19276523                   /usr/lib/x86_64-linux-gnu/libtdb.so.1.3.0
7f065f6eb000-7f065f6ec000 r--p 00013000 08:01 19276523                   /usr/lib/x86_64-linux-gnu/libtdb.so.1.3.0
7f065f6ec000-7f065f6ed000 rw-p 00014000 08:01 19276523                   /usr/lib/x86_64-linux-gnu/libtdb.so.1.3.0
7f065f6ed000-7f065f6f4000 r-xp 00000000 08:01 19276599                   /usr/lib/x86_64-linux-gnu/libvorbisfile.so.3.3.4
7f065f6f4000-7f065f8f3000 ---p 00007000 08:01 19276599                   /usr/lib/x86_64-linux-gnu/libvorbisfile.so.3.3.4
7f065f8f3000-7f065f8f4000 r--p 00006000 08:01 19276599                   /usr/lib/x86_64-linux-gnu/libvorbisfile.so.3.3.4
7f065f8f4000-7f065f8f5000 rw-p 00007000 08:01 19276599                   /usr/lib/x86_64-linux-gnu/libvorbisfile.so.3.3.4
7f065f8f5000-7f065f904000 r-xp 00000000 08:01 19275731                   /usr/lib/x86_64-linux-gnu/libcanberra.so.0.2.5
7f065f904000-7f065fb03000 ---p 0000f000 08:01 19275731                   /usr/lib/x86_64-linux-gnu/libcanberra.so.0.2.5
7f065fb03000-7f065fb04000 r--p 0000e000 08:01 19275731                   /usr/lib/x86_64-linux-gnu/libcanberra.so.0.2.5
7f065fb04000-7f065fb05000 rw-p 0000f000 08:01 19275731                   /usr/lib/x86_64-linux-gnu/libcanberra.so.0.2.5
7f065fb05000-7f065fb09000 r-xp 00000000 08:01 19275729                   /usr/lib/x86_64-linux-gnu/libcanberra-gtk3.so.0.1.9
7f065fb09000-7f065fd08000 ---p 00004000 08:01 19275729                   /usr/lib/x86_64-linux-gnu/libcanberra-gtk3.so.0.1.9
7f065fd08000-7f065fd09000 r--p 00003000 08:01 19275729                   /usr/lib/x86_64-linux-gnu/libcanberra-gtk3.so.0.1.9
7f065fd09000-7f065fd0a000 rw-p 00004000 08:01 19275729                   /usr/lib/x86_64-linux-gnu/libcanberra-gtk3.so.0.1.9
7f065fd0a000-7f065fd0f000 r-xp 00000000 08:01 19532755                   /usr/lib/x86_64-linux-gnu/gtk-3.0/modules/libcanberra-gtk3-module.so
7f065fd0f000-7f065ff0e000 ---p 00005000 08:01 19532755                   /usr/lib/x86_64-linux-gnu/gtk-3.0/modules/libcanberra-gtk3-module.so
7f065ff0e000-7f065ff0f000 r--p 00004000 08:01 19532755                   /usr/lib/x86_64-linux-gnu/gtk-3.0/modules/libcanberra-gtk3-module.so
7f065ff0f000-7f065ff10000 rw-p 00005000 08:01 19532755                   /usr/lib/x86_64-linux-gnu/gtk-3.0/modules/libcanberra-gtk3-module.so
7f065ff10000-7f065ff11000 ---p 00000000 00:00 0 
7f065ff11000-7f0660711000 rw-p 00000000 00:00 0                          [stack:7839]
7f0660711000-7f0660747000 r-xp 00000000 08:01 19532774                   /usr/lib/x86_64-linux-gnu/gvfs/libgvfscommon.so
7f0660747000-7f0660947000 ---p 00036000 08:01 19532774                   /usr/lib/x86_64-linux-gnu/gvfs/libgvfscommon.so
7f0660947000-7f066094c000 r--p 00036000 08:01 19532774                   /usr/lib/x86_64-linux-gnu/gvfs/libgvfscommon.so
7f066094c000-7f066094d000 rw-p 0003b000 08:01 19532774                   /usr/lib/x86_64-linux-gnu/gvfs/libgvfscommon.so
7f066094d000-7f066097d000 r-xp 00000000 08:01 19532423                   /usr/lib/x86_64-linux-gnu/gio/modules/libgvfsdbus.so
7f066097d000-7f0660b7d000 ---p 00030000 08:01 19532423                   /usr/lib/x86_64-linux-gnu/gio/modules/libgvfsdbus.so
7f0660b7d000-7f0660b7e000 r--p 00030000 08:01 19532423                   /usr/lib/x86_64-linux-gnu/gio/modules/libgvfsdbus.so
7f0660b7e000-7f0660b7f000 rw-p 00031000 08:01 19532423                   /usr/lib/x86_64-linux-gnu/gio/modules/libgvfsdbus.so
7f0660b7f000-7f0660b80000 rw-p 00000000 00:00 0 
7f0660b80000-7f0660b9a000 r-xp 00000000 08:01 19532422                   /usr/lib/x86_64-linux-gnu/gio/modules/libgioremote-volume-monitor.so
7f0660b9a000-7f0660d99000 ---p 0001a000 08:01 19532422                   /usr/lib/x86_64-linux-gnu/gio/modules/libgioremote-volume-monitor.so
7f0660d99000-7f0660d9c000 r--p 00019000 08:01 19532422                   /usr/lib/x86_64-linux-gnu/gio/modules/libgioremote-volume-monitor.so
7f0660d9c000-7f0660d9d000 rw-p 0001c000 08:01 19532422                   /usr/lib/x86_64-linux-gnu/gio/modules/libgioremote-volume-monitor.so
7f0660d9d000-7f0660da8000 r-xp 00000000 08:01 19532418                   /usr/lib/x86_64-linux-gnu/gio/modules/libdconfsettings.so
7f0660da8000-7f0660fa8000 ---p 0000b000 08:01 19532418                   /usr/lib/x86_64-linux-gnu/gio/modules/libdconfsettings.so
7f0660fa8000-7f0660fa9000 r--p 0000b000 08:01 19532418                   /usr/lib/x86_64-linux-gnu/gio/modules/libdconfsettings.so
7f0660fa9000-7f0660faa000 rw-p 0000c000 08:01 19532418                   /usr/lib/x86_64-linux-gnu/gio/modules/libdconfsettings.so
7f0660faa000-7f0660fbf000 r-xp 00000000 08:01 19275710                   /usr/lib/x86_64-linux-gnu/libboost_filesystem.so.1.55.0
7f0660fbf000-7f06611be000 ---p 00015000 08:01 19275710                   /usr/lib/x86_64-linux-gnu/libboost_filesystem.so.1.55.0
7f06611be000-7f06611bf000 r--p 00014000 08:01 19275710                   /usr/lib/x86_64-linux-gnu/libboost_filesystem.so.1.55.0
7f06611bf000-7f06611c0000 rw-p 00015000 08:01 19275710                   /usr/lib/x86_64-linux-gnu/libboost_filesystem.so.1.55.0
7f06611c0000-7f06611d0000 r-xp 00000000 08:01 13766856                   /lib/x86_64-linux-gnu/libudev.so.1.4.0
7f06611d0000-7f06613d0000 ---p 00010000 08:01 13766856                   /lib/x86_64-linux-gnu/libudev.so.1.4.0
7f06613d0000-7f06613d1000 r--p 00010000 08:01 13766856                   /lib/x86_64-linux-gnu/libudev.so.1.4.0
7f06613d1000-7f06613d2000 rw-p 00011000 08:01 13766856                   /lib/x86_64-linux-gnu/libudev.so.1.4.0
7f06613d2000-7f06613ec000 r-xp 00000000 08:01 19276013                   /usr/lib/x86_64-linux-gnu/libgraphite2.so.3.0.1
7f06613ec000-7f06615eb000 ---p 0001a000 08:01 19276013                   /usr/lib/x86_64-linux-gnu/libgraphite2.so.3.0.1
7f06615eb000-7f06615ed000 r--p 00019000 08:01 19276013                   /usr/lib/x86_64-linux-gnu/libgraphite2.so.3.0.1
7f06615ed000-7f06615ee000 rw-p 0001b000 08:01 19276013                   /usr/lib/x86_64-linux-gnu/libgraphite2.so.3.0.1
7f06615ee000-7f06615f3000 r-xp 00000000 08:01 19275594                   /usr/lib/x86_64-linux-gnu/libXdmcp.so.6.0.0
7f06615f3000-7f06617f2000 ---p 00005000 08:01 19275594                   /usr/lib/x86_64-linux-gnu/libXdmcp.so.6.0.0
7f06617f2000-7f06617f3000 r--p 00004000 08:01 19275594                   /usr/lib/x86_64-linux-gnu/libXdmcp.so.6.0.0
7f06617f3000-7f06617f4000 rw-p 00005000 08:01 19275594                   /usr/lib/x86_64-linux-gnu/libXdmcp.so.6.0.0
7f06617f4000-7f06617f6000 r-xp 00000000 08:01 19275583                   /usr/lib/x86_64-linux-gnu/libXau.so.6.0.0
7f06617f6000-7f06619f6000 ---p 00002000 08:01 19275583                   /usr/lib/x86_64-linux-gnu/libXau.so.6.0.0
7f06619f6000-7f06619f7000 r--p 00002000 08:01 19275583                   /usr/lib/x86_64-linux-gnu/libXau.so.6.0.0
7f06619f7000-7f06619f8000 rw-p 00003000 08:01 19275583                   /usr/lib/x86_64-linux-gnu/libXau.so.6.0.0
7f06619f8000-7f06619fe000 r-xp 00000000 08:01 19275803                   /usr/lib/x86_64-linux-gnu/libdatrie.so.1.3.1
7f06619fe000-7f0661bfd000 ---p 00006000 08:01 19275803                   /usr/lib/x86_64-linux-gnu/libdatrie.so.1.3.1
7f0661bfd000-7f0661bfe000 r--p 00005000 08:01 19275803                   /usr/lib/x86_64-linux-gnu/libdatrie.so.1.3.1
7f0661bfe000-7f0661bff000 rw-p 00006000 08:01 19275803                   /usr/lib/x86_64-linux-gnu/libdatrie.so.1.3.1
7f0661bff000-7f0661cfd000 r-xp 00000000 08:01 19276384                   /usr/lib/x86_64-linux-gnu/libprotobuf.so.8.0.0
7f0661cfd000-7f0661efc000 ---p 000fe000 08:01 19276384                   /usr/lib/x86_64-linux-gnu/libprotobuf.so.8.0.0
7f0661efc000-7f0661f00000 r--p 000fd000 08:01 19276384                   /usr/lib/x86_64-linux-gnu/libprotobuf.so.8.0.0
7f0661f00000-7f0661f01000 rw-p 00101000 08:01 19276384                   /usr/lib/x86_64-linux-gnu/libprotobuf.so.8.0.0
7f0661f01000-7f0661f04000 r-xp 00000000 08:01 19275712                   /usr/lib/x86_64-linux-gnu/libboost_system.so.1.55.0
7f0661f04000-7f0662103000 ---p 00003000 08:01 19275712                   /usr/lib/x86_64-linux-gnu/libboost_system.so.1.55.0
7f0662103000-7f0662104000 r--p 00002000 08:01 19275712                   /usr/lib/x86_64-linux-gnu/libboost_system.so.1.55.0
7f0662104000-7f0662105000 rw-p 00003000 08:01 19275712                   /usr/lib/x86_64-linux-gnu/libboost_system.so.1.55.0
7f0662105000-7f0662189000 r-xp 00000000 08:01 19276243                   /usr/lib/x86_64-linux-gnu/libmircommon.so.2
7f0662189000-7f0662388000 ---p 00084000 08:01 19276243                   /usr/lib/x86_64-linux-gnu/libmircommon.so.2
7f0662388000-7f066238d000 r--p 00083000 08:01 19276243                   /usr/lib/x86_64-linux-gnu/libmircommon.so.2
7f066238d000-7f066238e000 rw-p 00088000 08:01 19276243                   /usr/lib/x86_64-linux-gnu/libmircommon.so.2
7f066238e000-7f06623b4000 r-xp 00000000 08:01 13766721                   /lib/x86_64-linux-gnu/libexpat.so.1.6.0
7f06623b4000-7f06625b3000 ---p 00026000 08:01 13766721                   /lib/x86_64-linux-gnu/libexpat.so.1.6.0
7f06625b3000-7f06625b6000 r--p 00025000 08:01 13766721                   /lib/x86_64-linux-gnu/libexpat.so.1.6.0
7f06625b6000-7f06625b7000 rw-p 00028000 08:01 13766721                   /lib/x86_64-linux-gnu/libexpat.so.1.6.0
7f06625b7000-7f066260b000 r-xp 00000000 08:01 19276131                   /usr/lib/x86_64-linux-gnu/libharfbuzz.so.0.935.0
7f066260b000-7f066280b000 ---p 00054000 08:01 19276131                   /usr/lib/x86_64-linux-gnu/libharfbuzz.so.0.935.0
7f066280b000-7f066280d000 r--p 00054000 08:01 19276131                   /usr/lib/x86_64-linux-gnu/libharfbuzz.so.0.935.0
7f066280d000-7f066280e000 rw-p 00056000 08:01 19276131                   /usr/lib/x86_64-linux-gnu/libharfbuzz.so.0.935.0
7f066280e000-7f0662854000 r-xp 00000000 08:01 13766713                   /lib/x86_64-linux-gnu/libdbus-1.so.3.8.7
7f0662854000-7f0662a53000 ---p 00046000 08:01 13766713                   /lib/x86_64-linux-gnu/libdbus-1.so.3.8.7
7f0662a53000-7f0662a55000 r--p 00045000 08:01 13766713                   /lib/x86_64-linux-gnu/libdbus-1.so.3.8.7
7f0662a55000-7f0662a56000 rw-p 00047000 08:01 13766713                   /lib/x86_64-linux-gnu/libdbus-1.so.3.8.7
7f0662a56000-7f0662a82000 r-xp 00000000 08:01 19275680                   /usr/lib/x86_64-linux-gnu/libatspi.so.0.0.1
7f0662a82000-7f0662c82000 ---p 0002c000 08:01 19275680                   /usr/lib/x86_64-linux-gnu/libatspi.so.0.0.1
7f0662c82000-7f0662c86000 r--p 0002c000 08:01 19275680                   /usr/lib/x86_64-linux-gnu/libatspi.so.0.0.1
7f0662c86000-7f0662c87000 rw-p 00030000 08:01 19275680                   /usr/lib/x86_64-linux-gnu/libatspi.so.0.0.1
7f0662c87000-7f0662ca8000 r-xp 00000000 08:01 13766748                   /lib/x86_64-linux-gnu/liblzma.so.5.0.0
7f0662ca8000-7f0662ea7000 ---p 00021000 08:01 13766748                   /lib/x86_64-linux-gnu/liblzma.so.5.0.0
7f0662ea7000-7f0662ea8000 r--p 00020000 08:01 13766748                   /lib/x86_64-linux-gnu/liblzma.so.5.0.0
7f0662ea8000-7f0662ea9000 rw-p 00021000 08:01 13766748                   /lib/x86_64-linux-gnu/liblzma.so.5.0.0
7f0662ea9000-7f0662eb2000 r-xp 00000000 08:01 19275618                   /usr/lib/x86_64-linux-gnu/libXrender.so.1.3.0
7f0662eb2000-7f06630b1000 ---p 00009000 08:01 19275618                   /usr/lib/x86_64-linux-gnu/libXrender.so.1.3.0
7f06630b1000-7f06630b2000 r--p 00008000 08:01 19275618                   /usr/lib/x86_64-linux-gnu/libXrender.so.1.3.0
7f06630b2000-7f06630b3000 rw-p 00009000 08:01 19275618                   /usr/lib/x86_64-linux-gnu/libXrender.so.1.3.0
7f06630b3000-7f06630d0000 r-xp 00000000 08:01 19276664                   /usr/lib/x86_64-linux-gnu/libxcb.so.1.1.0
7f06630d0000-7f06632d0000 ---p 0001d000 08:01 19276664                   /usr/lib/x86_64-linux-gnu/libxcb.so.1.1.0
7f06632d0000-7f06632d1000 r--p 0001d000 08:01 19276664                   /usr/lib/x86_64-linux-gnu/libxcb.so.1.1.0
7f06632d1000-7f06632d2000 rw-p 0001e000 08:01 19276664                   /usr/lib/x86_64-linux-gnu/libxcb.so.1.1.0
7f06632d2000-7f06632da000 r-xp 00000000 08:01 19276648                   /usr/lib/x86_64-linux-gnu/libxcb-render.so.0.0.0
7f06632da000-7f06634d9000 ---p 00008000 08:01 19276648                   /usr/lib/x86_64-linux-gnu/libxcb-render.so.0.0.0
7f06634d9000-7f06634da000 r--p 00007000 08:01 19276648                   /usr/lib/x86_64-linux-gnu/libxcb-render.so.0.0.0
7f06634da000-7f06634db000 rw-p 00008000 08:01 19276648                   /usr/lib/x86_64-linux-gnu/libxcb-render.so.0.0.0
7f06634db000-7f06634dd000 r-xp 00000000 08:01 19276652                   /usr/lib/x86_64-linux-gnu/libxcb-shm.so.0.0.0
7f06634dd000-7f06636dc000 ---p 00002000 08:01 19276652                   /usr/lib/x86_64-linux-gnu/libxcb-shm.so.0.0.0
7f06636dc000-7f06636dd000 r--p 00001000 08:01 19276652                   /usr/lib/x86_64-linux-gnu/libxcb-shm.so.0.0.0
7f06636dd000-7f06636de000 rw-p 00002000 08:01 19276652                   /usr/lib/x86_64-linux-gnu/libxcb-shm.so.0.0.0
7f06636de000-7f0663703000 r-xp 00000000 08:01 13766821                   /lib/x86_64-linux-gnu/libpng12.so.0.51.0
7f0663703000-7f0663902000 ---p 00025000 08:01 13766821                   /lib/x86_64-linux-gnu/libpng12.so.0.51.0
7f0663902000-7f0663903000 r--p 00024000 08:01 13766821                   /lib/x86_64-linux-gnu/libpng12.so.0.51.0
7f0663903000-7f0663904000 rw-p 00025000 08:01 13766821                   /lib/x86_64-linux-gnu/libpng12.so.0.51.0
7f0663904000-7f06639a7000 r-xp 00000000 08:01 19276365                   /usr/lib/x86_64-linux-gnu/libpixman-1.so.0.32.4
7f06639a7000-7f0663ba7000 ---p 000a3000 08:01 19276365                   /usr/lib/x86_64-linux-gnu/libpixman-1.so.0.32.4
7f0663ba7000-7f0663bae000 r--p 000a3000 08:01 19276365                   /usr/lib/x86_64-linux-gnu/libpixman-1.so.0.32.4
7f0663bae000-7f0663baf000 rw-p 000aa000 08:01 19276365                   /usr/lib/x86_64-linux-gnu/libpixman-1.so.0.32.4
7f0663baf000-7f0663c1b000 r-xp 00000000 08:01 13766809                   /lib/x86_64-linux-gnu/libpcre.so.3.13.1
7f0663c1b000-7f0663e1a000 ---p 0006c000 08:01 13766809                   /lib/x86_64-linux-gnu/libpcre.so.3.13.1
7f0663e1a000-7f0663e1b000 r--p 0006b000 08:01 13766809                   /lib/x86_64-linux-gnu/libpcre.so.3.13.1
7f0663e1b000-7f0663e1c000 rw-p 0006c000 08:01 13766809                   /lib/x86_64-linux-gnu/libpcre.so.3.13.1
7f0663e1c000-7f0663e23000 r-xp 00000000 08:01 19275880                   /usr/lib/x86_64-linux-gnu/libffi.so.6.0.2
7f0663e23000-7f0664022000 ---p 00007000 08:01 19275880                   /usr/lib/x86_64-linux-gnu/libffi.so.6.0.2
7f0664022000-7f0664023000 r--p 00006000 08:01 19275880                   /usr/lib/x86_64-linux-gnu/libffi.so.6.0.2
7f0664023000-7f0664024000 rw-p 00007000 08:01 19275880                   /usr/lib/x86_64-linux-gnu/libffi.so.6.0.2
7f0664024000-7f066403b000 r-xp 00000000 08:01 13762660                   /lib/x86_64-linux-gnu/libresolv-2.19.so
7f066403b000-7f066423b000 ---p 00017000 08:01 13762660                   /lib/x86_64-linux-gnu/libresolv-2.19.so
7f066423b000-7f066423c000 r--p 00017000 08:01 13762660                   /lib/x86_64-linux-gnu/libresolv-2.19.so
7f066423c000-7f066423d000 rw-p 00018000 08:01 13762660                   /lib/x86_64-linux-gnu/libresolv-2.19.so
7f066423d000-7f066423f000 rw-p 00000000 00:00 0 
7f066423f000-7f0664260000 r-xp 00000000 08:01 13766836                   /lib/x86_64-linux-gnu/libselinux.so.1
7f0664260000-7f066445f000 ---p 00021000 08:01 13766836                   /lib/x86_64-linux-gnu/libselinux.so.1
7f066445f000-7f0664460000 r--p 00020000 08:01 13766836                   /lib/x86_64-linux-gnu/libselinux.so.1
7f0664460000-7f0664461000 rw-p 00021000 08:01 13766836                   /lib/x86_64-linux-gnu/libselinux.so.1
7f0664461000-7f0664463000 rw-p 00000000 00:00 0 
7f0664463000-7f066449a000 r-xp 00000000 08:01 19275784                   /usr/lib/x86_64-linux-gnu/libcroco-0.6.so.3.0.1
7f066449a000-7f066469a000 ---p 00037000 08:01 19275784                   /usr/lib/x86_64-linux-gnu/libcroco-0.6.so.3.0.1
7f066469a000-7f066469d000 r--p 00037000 08:01 19275784                   /usr/lib/x86_64-linux-gnu/libcroco-0.6.so.3.0.1
7f066469d000-7f066469e000 rw-p 0003a000 08:01 19275784                   /usr/lib/x86_64-linux-gnu/libcroco-0.6.so.3.0.1
7f066469e000-7f06646a6000 r-xp 00000000 08:01 19276535                   /usr/lib/x86_64-linux-gnu/libthai.so.0.2.0
7f06646a6000-7f06648a5000 ---p 00008000 08:01 19276535                   /usr/lib/x86_64-linux-gnu/libthai.so.0.2.0
7f06648a5000-7f06648a6000 r--p 00007000 08:01 19276535                   /usr/lib/x86_64-linux-gnu/libthai.so.0.2.0
7f06648a6000-7f06648a7000 rw-p 00008000 08:01 19276535                   /usr/lib/x86_64-linux-gnu/libthai.so.0.2.0
7f06648a7000-7f0664949000 r-xp 00000000 08:01 19275906                   /usr/lib/x86_64-linux-gnu/libfreetype.so.6.11.1
7f0664949000-7f0664b48000 ---p 000a2000 08:01 19275906                   /usr/lib/x86_64-linux-gnu/libfreetype.so.6.11.1
7f0664b48000-7f0664b4e000 r--p 000a1000 08:01 19275906                   /usr/lib/x86_64-linux-gnu/libfreetype.so.6.11.1
7f0664b4e000-7f0664b4f000 rw-p 000a7000 08:01 19275906                   /usr/lib/x86_64-linux-gnu/libfreetype.so.6.11.1
7f0664b4f000-7f0664b60000 r-xp 00000000 08:01 19275596                   /usr/lib/x86_64-linux-gnu/libXext.so.6.4.0
7f0664b60000-7f0664d5f000 ---p 00011000 08:01 19275596                   /usr/lib/x86_64-linux-gnu/libXext.so.6.4.0
7f0664d5f000-7f0664d60000 r--p 00010000 08:01 19275596                   /usr/lib/x86_64-linux-gnu/libXext.so.6.4.0
7f0664d60000-7f0664d61000 rw-p 00011000 08:01 19275596                   /usr/lib/x86_64-linux-gnu/libXext.so.6.4.0
7f0664d61000-7f0664dbd000 r-xp 00000000 08:01 19276242                   /usr/lib/x86_64-linux-gnu/libmirclient.so.8
7f0664dbd000-7f0664fbc000 ---p 0005c000 08:01 19276242                   /usr/lib/x86_64-linux-gnu/libmirclient.so.8
7f0664fbc000-7f0664fc0000 r--p 0005b000 08:01 19276242                   /usr/lib/x86_64-linux-gnu/libmirclient.so.8
7f0664fc0000-7f0664fc1000 rw-p 0005f000 08:01 19276242                   /usr/lib/x86_64-linux-gnu/libmirclient.so.8
7f0664fc1000-7f0664fc5000 r-xp 00000000 08:01 19276610                   /usr/lib/x86_64-linux-gnu/libwayland-cursor.so.0.0.0
7f0664fc5000-7f06651c4000 ---p 00004000 08:01 19276610                   /usr/lib/x86_64-linux-gnu/libwayland-cursor.so.0.0.0
7f06651c4000-7f06651c5000 r--p 00003000 08:01 19276610                   /usr/lib/x86_64-linux-gnu/libwayland-cursor.so.0.0.0
7f06651c5000-7f06651c9000 rw-p 00004000 08:01 19276610                   /usr/lib/x86_64-linux-gnu/libwayland-cursor.so.0.0.0
7f06651c9000-7f0665202000 r-xp 00000000 08:01 19276666                   /usr/lib/x86_64-linux-gnu/libxkbcommon.so.0.0.0
7f0665202000-7f0665401000 ---p 00039000 08:01 19276666                   /usr/lib/x86_64-linux-gnu/libxkbcommon.so.0.0.0
7f0665401000-7f0665403000 r--p 00038000 08:01 19276666                   /usr/lib/x86_64-linux-gnu/libxkbcommon.so.0.0.0
7f0665403000-7f0665404000 rw-p 0003a000 08:01 19276666                   /usr/lib/x86_64-linux-gnu/libxkbcommon.so.0.0.0
7f0665404000-7f066540f000 r-xp 00000000 08:01 19276608                   /usr/lib/x86_64-linux-gnu/libwayland-client.so.0.2.0
7f066540f000-7f066560f000 ---p 0000b000 08:01 19276608                   /usr/lib/x86_64-linux-gnu/libwayland-client.so.0.2.0
7f066560f000-7f0665611000 r--p 0000b000 08:01 19276608                   /usr/lib/x86_64-linux-gnu/libwayland-client.so.0.2.0
7f0665611000-7f0665612000 rw-p 0000d000 08:01 19276608                   /usr/lib/x86_64-linux-gnu/libwayland-client.so.0.2.0
7f0665612000-7f0665614000 r-xp 00000000 08:01 19275592                   /usr/lib/x86_64-linux-gnu/libXdamage.so.1.1.0
7f0665614000-7f0665813000 ---p 00002000 08:01 19275592                   /usr/lib/x86_64-linux-gnu/libXdamage.so.1.1.0
7f0665813000-7f0665814000 r--p 00001000 08:01 19275592                   /usr/lib/x86_64-linux-gnu/libXdamage.so.1.1.0
7f0665814000-7f0665815000 rw-p 00002000 08:01 19275592                   /usr/lib/x86_64-linux-gnu/libXdamage.so.1.1.0
7f0665815000-7f0665817000 r-xp 00000000 08:01 19275588                   /usr/lib/x86_64-linux-gnu/libXcomposite.so.1.0.0
7f0665817000-7f0665a16000 ---p 00002000 08:01 19275588                   /usr/lib/x86_64-linux-gnu/libXcomposite.so.1.0.0
7f0665a16000-7f0665a17000 r--p 00001000 08:01 19275588                   /usr/lib/x86_64-linux-gnu/libXcomposite.so.1.0.0
7f0665a17000-7f0665a18000 rw-p 00002000 08:01 19275588                   /usr/lib/x86_64-linux-gnu/libXcomposite.so.1.0.0
7f0665a18000-7f0665a21000 r-xp 00000000 08:01 19275590                   /usr/lib/x86_64-linux-gnu/libXcursor.so.1.0.2
7f0665a21000-7f0665c20000 ---p 00009000 08:01 19275590                   /usr/lib/x86_64-linux-gnu/libXcursor.so.1.0.2
7f0665c20000-7f0665c21000 r--p 00008000 08:01 19275590                   /usr/lib/x86_64-linux-gnu/libXcursor.so.1.0.2
7f0665c21000-7f0665c22000 rw-p 00009000 08:01 19275590                   /usr/lib/x86_64-linux-gnu/libXcursor.so.1.0.2
7f0665c22000-7f0665c2b000 r-xp 00000000 08:01 19275616                   /usr/lib/x86_64-linux-gnu/libXrandr.so.2.2.0
7f0665c2b000-7f0665e2a000 ---p 00009000 08:01 19275616                   /usr/lib/x86_64-linux-gnu/libXrandr.so.2.2.0
7f0665e2a000-7f0665e2b000 r--p 00008000 08:01 19275616                   /usr/lib/x86_64-linux-gnu/libXrandr.so.2.2.0
7f0665e2b000-7f0665e2c000 rw-p 00009000 08:01 19275616                   /usr/lib/x86_64-linux-gnu/libXrandr.so.2.2.0
7f0665e2c000-7f0665e2e000 r-xp 00000000 08:01 19275606                   /usr/lib/x86_64-linux-gnu/libXinerama.so.1.0.0
7f0665e2e000-7f066602d000 ---p 00002000 08:01 19275606                   /usr/lib/x86_64-linux-gnu/libXinerama.so.1.0.0
7f066602d000-7f066602e000 r--p 00001000 08:01 19275606                   /usr/lib/x86_64-linux-gnu/libXinerama.so.1.0.0
7f066602e000-7f066602f000 rw-p 00002000 08:01 19275606                   /usr/lib/x86_64-linux-gnu/libXinerama.so.1.0.0
7f066602f000-7f066606a000 r-xp 00000000 08:01 19275894                   /usr/lib/x86_64-linux-gnu/libfontconfig.so.1.8.0
7f066606a000-7f0666269000 ---p 0003b000 08:01 19275894                   /usr/lib/x86_64-linux-gnu/libfontconfig.so.1.8.0
7f0666269000-7f066626b000 r--p 0003a000 08:01 19275894                   /usr/lib/x86_64-linux-gnu/libfontconfig.so.1.8.0
7f066626b000-7f066626c000 rw-p 0003c000 08:01 19275894                   /usr/lib/x86_64-linux-gnu/libfontconfig.so.1.8.0
7f066626c000-7f0666280000 r-xp 00000000 08:01 19276344                   /usr/lib/x86_64-linux-gnu/libpangoft2-1.0.so.0.3600.6
7f0666280000-7f0666480000 ---p 00014000 08:01 19276344                   /usr/lib/x86_64-linux-gnu/libpangoft2-1.0.so.0.3600.6
7f0666480000-7f0666481000 r--p 00014000 08:01 19276344                   /usr/lib/x86_64-linux-gnu/libpangoft2-1.0.so.0.3600.6
7f0666481000-7f0666482000 rw-p 00015000 08:01 19276344                   /usr/lib/x86_64-linux-gnu/libpangoft2-1.0.so.0.3600.6
7f0666482000-7f06664ae000 r-xp 00000000 08:01 19275674                   /usr/lib/x86_64-linux-gnu/libatk-bridge-2.0.so.0.0.0
7f06664ae000-7f06666ae000 ---p 0002c000 08:01 19275674                   /usr/lib/x86_64-linux-gnu/libatk-bridge-2.0.so.0.0.0
7f06666ae000-7f06666af000 r--p 0002c000 08:01 19275674                   /usr/lib/x86_64-linux-gnu/libatk-bridge-2.0.so.0.0.0
7f06666af000-7f06666b1000 rw-p 0002d000 08:01 19275674                   /usr/lib/x86_64-linux-gnu/libatk-bridge-2.0.so.0.0.0
7f06666b1000-7f06666b8000 r-xp 00000000 08:01 19275721                   /usr/lib/x86_64-linux-gnu/libcairo-gobject.so.2.11301.0
7f06666b8000-7f06668b7000 ---p 00007000 08:01 19275721                   /usr/lib/x86_64-linux-gnu/libcairo-gobject.so.2.11301.0
7f06668b7000-7f06668b9000 r--p 00006000 08:01 19275721                   /usr/lib/x86_64-linux-gnu/libcairo-gobject.so.2.11301.0
7f06668b9000-7f06668ba000 rw-p 00008000 08:01 19275721                   /usr/lib/x86_64-linux-gnu/libcairo-gobject.so.2.11301.0
7f06668ba000-7f06668bf000 r-xp 00000000 08:01 19275598                   /usr/lib/x86_64-linux-gnu/libXfixes.so.3.1.0
7f06668bf000-7f0666abe000 ---p 00005000 08:01 19275598                   /usr/lib/x86_64-linux-gnu/libXfixes.so.3.1.0
7f0666abe000-7f0666abf000 r--p 00004000 08:01 19275598                   /usr/lib/x86_64-linux-gnu/libXfixes.so.3.1.0
7f0666abf000-7f0666ac0000 rw-p 00005000 08:01 19275598                   /usr/lib/x86_64-linux-gnu/libXfixes.so.3.1.0
7f0666ac0000-7f0666acf000 r-xp 00000000 08:01 19275604                   /usr/lib/x86_64-linux-gnu/libXi.so.6.1.0
7f0666acf000-7f0666cce000 ---p 0000f000 08:01 19275604                   /usr/lib/x86_64-linux-gnu/libXi.so.6.1.0
7f0666cce000-7f0666ccf000 r--p 0000e000 08:01 19275604                   /usr/lib/x86_64-linux-gnu/libXi.so.6.1.0
7f0666ccf000-7f0666cd0000 rw-p 0000f000 08:01 19275604                   /usr/lib/x86_64-linux-gnu/libXi.so.6.1.0
7f0666cd0000-7f0666e03000 r-xp 00000000 08:01 19275579                   /usr/lib/x86_64-linux-gnu/libX11.so.6.3.0
7f0666e03000-7f0667003000 ---p 00133000 08:01 19275579                   /usr/lib/x86_64-linux-gnu/libX11.so.6.3.0
7f0667003000-7f0667004000 r--p 00133000 08:01 19275579                   /usr/lib/x86_64-linux-gnu/libX11.so.6.3.0
7f0667004000-7f0667008000 rw-p 00134000 08:01 19275579                   /usr/lib/x86_64-linux-gnu/libX11.so.6.3.0
7f0667008000-7f0667009000 rw-p 00000000 00:00 0 
7f0667009000-7f066700c000 r-xp 00000000 08:01 19275979                   /usr/lib/x86_64-linux-gnu/libgmodule-2.0.so.0.4200.0
7f066700c000-7f066720b000 ---p 00003000 08:01 19275979                   /usr/lib/x86_64-linux-gnu/libgmodule-2.0.so.0.4200.0
7f066720b000-7f066720c000 r--p 00002000 08:01 19275979                   /usr/lib/x86_64-linux-gnu/libgmodule-2.0.so.0.4200.0
7f066720c000-7f066720d000 rw-p 00003000 08:01 19275979                   /usr/lib/x86_64-linux-gnu/libgmodule-2.0.so.0.4200.0
7f066720d000-7f0667368000 r-xp 00000000 08:01 19276670                   /usr/lib/x86_64-linux-gnu/libxml2.so.2.9.1
7f0667368000-7f0667568000 ---p 0015b000 08:01 19276670                   /usr/lib/x86_64-linux-gnu/libxml2.so.2.9.1
7f0667568000-7f0667570000 r--p 0015b000 08:01 19276670                   /usr/lib/x86_64-linux-gnu/libxml2.so.2.9.1
7f0667570000-7f0667572000 rw-p 00163000 08:01 19276670                   /usr/lib/x86_64-linux-gnu/libxml2.so.2.9.1
7f0667572000-7f0667573000 rw-p 00000000 00:00 0 
7f0667573000-7f0667679000 r-xp 00000000 08:01 19275723                   /usr/lib/x86_64-linux-gnu/libcairo.so.2.11301.0
7f0667679000-7f0667878000 ---p 00106000 08:01 19275723                   /usr/lib/x86_64-linux-gnu/libcairo.so.2.11301.0
7f0667878000-7f066787b000 r--p 00105000 08:01 19275723                   /usr/lib/x86_64-linux-gnu/libcairo.so.2.11301.0
7f066787b000-7f066787c000 rw-p 00108000 08:01 19275723                   /usr/lib/x86_64-linux-gnu/libcairo.so.2.11301.0
7f066787c000-7f066787e000 rw-p 00000000 00:00 0 
7f066787e000-7f066798a000 r-xp 00000000 08:01 13766732                   /lib/x86_64-linux-gnu/libglib-2.0.so.0.4200.0
7f066798a000-7f0667b8a000 ---p 0010c000 08:01 13766732                   /lib/x86_64-linux-gnu/libglib-2.0.so.0.4200.0
7f0667b8a000-7f0667b8b000 r--p 0010c000 08:01 13766732                   /lib/x86_64-linux-gnu/libglib-2.0.so.0.4200.0
7f0667b8b000-7f0667b8c000 rw-p 0010d000 08:01 13766732                   /lib/x86_64-linux-gnu/libglib-2.0.so.0.4200.0
7f0667b8c000-7f0667b8d000 rw-p 00000000 00:00 0 
7f0667b8d000-7f0667bdd000 r-xp 00000000 08:01 19275995                   /usr/lib/x86_64-linux-gnu/libgobject-2.0.so.0.4200.0
7f0667bdd000-7f0667ddd000 ---p 00050000 08:01 19275995                   /usr/lib/x86_64-linux-gnu/libgobject-2.0.so.0.4200.0
7f0667ddd000-7f0667dde000 r--p 00050000 08:01 19275995                   /usr/lib/x86_64-linux-gnu/libgobject-2.0.so.0.4200.0
7f0667dde000-7f0667ddf000 rw-p 00051000 08:01 19275995                   /usr/lib/x86_64-linux-gnu/libgobject-2.0.so.0.4200.0
7f0667ddf000-7f0667dfe000 r-xp 00000000 08:01 19275939                   /usr/lib/x86_64-linux-gnu/libgdk_pixbuf-2.0.so.0.3000.8
7f0667dfe000-7f0667ffe000 ---p 0001f000 08:01 19275939                   /usr/lib/x86_64-linux-gnu/libgdk_pixbuf-2.0.so.0.3000.8
7f0667ffe000-7f0667fff000 r--p 0001f000 08:01 19275939                   /usr/lib/x86_64-linux-gnu/libgdk_pixbuf-2.0.so.0.3000.8
7f0667fff000-7f0668000000 rw-p 00020000 08:01 19275939                   /usr/lib/x86_64-linux-gnu/libgdk_pixbuf-2.0.so.0.3000.8
7f0668000000-7f0668021000 rw-p 00000000 00:00 0 
7f0668021000-7f066c000000 ---p 00000000 00:00 0 
7f066c000000-7f066c021000 rw-p 00000000 00:00 0 
7f066c021000-7f0670000000 ---p 00000000 00:00 0 
7f0670000000-7f0670077000 rw-p 00000000 00:00 0 
7f0670077000-7f0674000000 ---p 00000000 00:00 0 
7f0674000000-7f0674201000 rw-p 00000000 00:00 0 
7f0674201000-7f0678000000 ---p 00000000 00:00 0 
7f0678000000-7f0678021000 rw-p 00000000 00:00 0 
7f0678021000-7f067c000000 ---p 00000000 00:00 0 
7f067c000000-7f067c06b000 rw-p 00000000 00:00 0 
7f067c06b000-7f0680000000 ---p 00000000 00:00 0 
7f0680000000-7f0680021000 rw-p 00000000 00:00 0 
7f0680021000-7f0684000000 ---p 00000000 00:00 0 
7f0684000000-7f0684021000 rw-p 00000000 00:00 0 
7f0684021000-7f0688000000 ---p 00000000 00:00 0 
7f0688000000-7f0688021000 rw-p 00000000 00:00 0 
7f0688021000-7f068c000000 ---p 00000000 00:00 0 
7f068c000000-7f068c021000 rw-p 00000000 00:00 0 
7f068c021000-7f0690000000 ---p 00000000 00:00 0 
7f0690000000-7f0690021000 rw-p 00000000 00:00 0 
7f0690021000-7f0694000000 ---p 00000000 00:00 0 
7f06940ab000-7f06940ad000 rw-p 00000000 00:00 0 
7f06940ad000-7f06940af000 r--p 00000000 08:01 20973715                   /usr/share/locale-langpack/en_GB/LC_MESSAGES/gtk20.mo
7f06940af000-7f06940c2000 r--s 00345000 08:01 19534316                   /usr/lib/jvm/java-8-openjdk-amd64/jre/lib/resources.jar
7f06940c2000-7f06940c7000 r--s 002f8000 08:01 19531317                   /usr/lib/jvm/java-8-openjdk-amd64/jre/lib/charsets.jar
7f06940c7000-7f06940d5000 r--p 00000000 08:01 20317191                   /usr/share/fonts/opentype/cantarell/Cantarell-Regular.otf
7f06940d5000-7f06940d6000 r--s 00000000 08:01 17957038                   /var/cache/fontconfig/c05880de57d1f5e948fdfacc138775d9-le64.cache-4
7f06940d6000-7f06940e1000 r--s 00000000 08:01 17957031                   /var/cache/fontconfig/945677eb7aeaf62f1d50efc3fb3ec7d8-le64.cache-4
7f06940e1000-7f06940e7000 r--s 00000000 08:01 17957015                   /var/cache/fontconfig/2cd17615ca594fa2959ae173292e504c-le64.cache-4
7f06940e7000-7f06940e8000 r--s 00000000 08:01 17957049                   /var/cache/fontconfig/e7071f4a29fa870f4323321c154eba04-le64.cache-4
7f06940e8000-7f06940e9000 r--s 00000000 08:01 17957012                   /var/cache/fontconfig/0d8c3b2ac0904cb8a57a757ad11a4a08-le64.cache-4
7f06940e9000-7f06940f0000 r--s 00000000 08:01 17957035                   /var/cache/fontconfig/a755afe4a08bf5b97852ceb7400b47bc-le64.cache-4
7f06940f0000-7f06940f1000 r--s 00000000 08:01 17957034                   /var/cache/fontconfig/a6354e3ac43af67bd8d7b8e43c34e49f-le64.cache-4
7f06940f1000-7f06940f2000 r--s 00000000 08:01 17957014                   /var/cache/fontconfig/1ac9eb803944fde146138c791f5cc56a-le64.cache-4
7f06940f2000-7f06940f6000 r--s 00000000 08:01 17957018                   /var/cache/fontconfig/385c0604a188198f04d133e54aba7fe7-le64.cache-4
7f06940f6000-7f06940f7000 r--s 00000000 08:01 17957046                   /var/cache/fontconfig/dc05db6664285cc2f12bf69c139ae4c3-le64.cache-4
7f06940f7000-7f06940f9000 r--s 00000000 08:01 17957028                   /var/cache/fontconfig/767a8244fc0220cfb567a839d0392e0b-le64.cache-4
7f06940f9000-7f06940fa000 r--s 00000000 08:01 17957020                   /var/cache/fontconfig/4794a0821666d79190d59a36cb4f44b5-le64.cache-4
7f06940fa000-7f06940ff000 r--s 00000000 08:01 17957030                   /var/cache/fontconfig/8801497958630a81b71ace7c5f9b32a8-le64.cache-4
7f06940ff000-7f0694106000 r--s 00000000 08:01 17957016                   /var/cache/fontconfig/3047814df9a2f067bd2d96a2b9c36e5a-le64.cache-4
7f0694106000-7f0694107000 r--s 00000000 08:01 17957022                   /var/cache/fontconfig/56cf4f4769d0f4abc89a4895d7bd3ae1-le64.cache-4
7f0694107000-7f0694108000 r--s 00000000 08:01 17957037                   /var/cache/fontconfig/b9d506c9ac06c20b433354fa67a72993-le64.cache-4
7f0694108000-7f069410e000 r--s 00000000 08:01 17957036                   /var/cache/fontconfig/b47c4e1ecd0709278f4910c18777a504-le64.cache-4
7f069410e000-7f0694121000 r--s 00000000 08:01 17957042                   /var/cache/fontconfig/d52a8644073d54c13679302ca1180695-le64.cache-4
7f0694121000-7f069412a000 r--s 00000000 08:01 17957019                   /var/cache/fontconfig/3f7329c5293ffd510edef78f73874cfd-le64.cache-4
7f069412a000-7f069413f000 r--s 00000000 08:01 17957045                   /var/cache/fontconfig/da82082e1ef13c4097208324d67c180c-le64.cache-4
7f069413f000-7f06942b0000 r-xp 00000000 08:01 19275967                   /usr/lib/x86_64-linux-gnu/libgio-2.0.so.0.4200.0
7f06942b0000-7f06944b0000 ---p 00171000 08:01 19275967                   /usr/lib/x86_64-linux-gnu/libgio-2.0.so.0.4200.0
7f06944b0000-7f06944b4000 r--p 00171000 08:01 19275967                   /usr/lib/x86_64-linux-gnu/libgio-2.0.so.0.4200.0
7f06944b4000-7f06944b6000 rw-p 00175000 08:01 19275967                   /usr/lib/x86_64-linux-gnu/libgio-2.0.so.0.4200.0
7f06944b6000-7f06944b8000 rw-p 00000000 00:00 0 
7f06944b8000-7f06944ed000 r-xp 00000000 08:01 19276442                   /usr/lib/x86_64-linux-gnu/librsvg-2.so.2.40.4
7f06944ed000-7f06946ec000 ---p 00035000 08:01 19276442                   /usr/lib/x86_64-linux-gnu/librsvg-2.so.2.40.4
7f06946ec000-7f06946ed000 r--p 00034000 08:01 19276442                   /usr/lib/x86_64-linux-gnu/librsvg-2.so.2.40.4
7f06946ed000-7f06946ee000 rw-p 00035000 08:01 19276442                   /usr/lib/x86_64-linux-gnu/librsvg-2.so.2.40.4
7f06946ee000-7f06946f8000 r-xp 00000000 08:01 19275854                   /usr/lib/x86_64-linux-gnu/libenchant.so.1.6.0
7f06946f8000-7f06948f8000 ---p 0000a000 08:01 19275854                   /usr/lib/x86_64-linux-gnu/libenchant.so.1.6.0
7f06948f8000-7f06948f9000 r--p 0000a000 08:01 19275854                   /usr/lib/x86_64-linux-gnu/libenchant.so.1.6.0
7f06948f9000-7f06948fa000 rw-p 0000b000 08:01 19275854                   /usr/lib/x86_64-linux-gnu/libenchant.so.1.6.0
7f06948fa000-7f0694900000 r-xp 00000000 08:01 19276300                   /usr/lib/x86_64-linux-gnu/libnotify.so.4.0.0
7f0694900000-7f0694b00000 ---p 00006000 08:01 19276300                   /usr/lib/x86_64-linux-gnu/libnotify.so.4.0.0
7f0694b00000-7f0694b01000 r--p 00006000 08:01 19276300                   /usr/lib/x86_64-linux-gnu/libnotify.so.4.0.0
7f0694b01000-7f0694b02000 rw-p 00007000 08:01 19276300                   /usr/lib/x86_64-linux-gnu/libnotify.so.4.0.0
7f0694b02000-7f0694b24000 r-xp 00000000 08:01 19275672                   /usr/lib/x86_64-linux-gnu/libatk-1.0.so.0.21209.1
7f0694b24000-7f0694d23000 ---p 00022000 08:01 19275672                   /usr/lib/x86_64-linux-gnu/libatk-1.0.so.0.21209.1
7f0694d23000-7f0694d26000 r--p 00021000 08:01 19275672                   /usr/lib/x86_64-linux-gnu/libatk-1.0.so.0.21209.1
7f0694d26000-7f0694d27000 rw-p 00024000 08:01 19275672                   /usr/lib/x86_64-linux-gnu/libatk-1.0.so.0.21209.1
7f0694d27000-7f0694d72000 r-xp 00000000 08:01 19276340                   /usr/lib/x86_64-linux-gnu/libpango-1.0.so.0.3600.6
7f0694d72000-7f0694f72000 ---p 0004b000 08:01 19276340                   /usr/lib/x86_64-linux-gnu/libpango-1.0.so.0.3600.6
7f0694f72000-7f0694f74000 r--p 0004b000 08:01 19276340                   /usr/lib/x86_64-linux-gnu/libpango-1.0.so.0.3600.6
7f0694f74000-7f0694f75000 rw-p 0004d000 08:01 19276340                   /usr/lib/x86_64-linux-gnu/libpango-1.0.so.0.3600.6
7f0694f75000-7f0694f81000 r-xp 00000000 08:01 19276342                   /usr/lib/x86_64-linux-gnu/libpangocairo-1.0.so.0.3600.6
7f0694f81000-7f0695180000 ---p 0000c000 08:01 19276342                   /usr/lib/x86_64-linux-gnu/libpangocairo-1.0.so.0.3600.6
7f0695180000-7f0695181000 r--p 0000b000 08:01 19276342                   /usr/lib/x86_64-linux-gnu/libpangocairo-1.0.so.0.3600.6
7f0695181000-7f0695182000 rw-p 0000c000 08:01 19276342                   /usr/lib/x86_64-linux-gnu/libpangocairo-1.0.so.0.3600.6
7f0695182000-7f0695231000 r-xp 00000000 08:01 19275935                   /usr/lib/x86_64-linux-gnu/libgdk-3.so.0.1200.2
7f0695231000-7f0695431000 ---p 000af000 08:01 19275935                   /usr/lib/x86_64-linux-gnu/libgdk-3.so.0.1200.2
7f0695431000-7f0695435000 r--p 000af000 08:01 19275935                   /usr/lib/x86_64-linux-gnu/libgdk-3.so.0.1200.2
7f0695435000-7f0695437000 rw-p 000b3000 08:01 19275935                   /usr/lib/x86_64-linux-gnu/libgdk-3.so.0.1200.2
7f0695437000-7f0695438000 rw-p 00000000 00:00 0 
7f0695438000-7f0695970000 r-xp 00000000 08:01 19276109                   /usr/lib/x86_64-linux-gnu/libgtk-3.so.0.1200.2
7f0695970000-7f0695b70000 ---p 00538000 08:01 19276109                   /usr/lib/x86_64-linux-gnu/libgtk-3.so.0.1200.2
7f0695b70000-7f0695b79000 r--p 00538000 08:01 19276109                   /usr/lib/x86_64-linux-gnu/libgtk-3.so.0.1200.2
7f0695b79000-7f0695b7f000 rw-p 00541000 08:01 19276109                   /usr/lib/x86_64-linux-gnu/libgtk-3.so.0.1200.2
7f0695b7f000-7f0695b82000 rw-p 00000000 00:00 0 
7f0695b82000-7f0695c00000 r-xp 00000000 08:01 19276117                   /usr/lib/x86_64-linux-gnu/libgtksourceview-3.0.so.1.2.0
7f0695c00000-7f0695e00000 ---p 0007e000 08:01 19276117                   /usr/lib/x86_64-linux-gnu/libgtksourceview-3.0.so.1.2.0
7f0695e00000-7f0695e01000 r--p 0007e000 08:01 19276117                   /usr/lib/x86_64-linux-gnu/libgtksourceview-3.0.so.1.2.0
7f0695e01000-7f0695e03000 rw-p 0007f000 08:01 19276117                   /usr/lib/x86_64-linux-gnu/libgtksourceview-3.0.so.1.2.0
7f0695e03000-7f0695e04000 r-xp 00000000 08:01 19276107                   /usr/lib/x86_64-linux-gnu/libgthread-2.0.so.0.4200.0
7f0695e04000-7f0696003000 ---p 00001000 08:01 19276107                   /usr/lib/x86_64-linux-gnu/libgthread-2.0.so.0.4200.0
7f0696003000-7f0696004000 r--p 00000000 08:01 19276107                   /usr/lib/x86_64-linux-gnu/libgthread-2.0.so.0.4200.0
7f0696004000-7f0696005000 rw-p 00001000 08:01 19276107                   /usr/lib/x86_64-linux-gnu/libgthread-2.0.so.0.4200.0
7f0696005000-7f0696010000 r--s 00000000 08:01 17957047                   /var/cache/fontconfig/d589a48862398ed80a3d6066f4f56f4c-le64.cache-4
7f0696010000-7f0696013000 r--s 00000000 08:01 17965453                   /var/cache/fontconfig/e13b20fdb08344e0e664864cc2ede53d-le64.cache-4
7f0696013000-7f069601a000 r--s 00000000 08:01 19534659                   /usr/lib/x86_64-linux-gnu/gconv/gconv-modules.cache
7f069601a000-7f0696139000 r-xp 00000000 08:01 19406933                   /usr/lib/jni/libgtkjni-4.1.3.so
7f0696139000-7f0696339000 ---p 0011f000 08:01 19406933                   /usr/lib/jni/libgtkjni-4.1.3.so
7f0696339000-7f069633a000 r--p 0011f000 08:01 19406933                   /usr/lib/jni/libgtkjni-4.1.3.so
7f069633a000-7f0696341000 rw-p 00120000 08:01 19406933                   /usr/lib/jni/libgtkjni-4.1.3.so
7f0696341000-7f0696369000 r--s 00147000 08:01 19664828                   /usr/share/java/gtk-4.1.jar
7f0696369000-7f0696385000 r--s 00393000 08:01 19531354                   /usr/lib/jvm/java-8-openjdk-amd64/jre/lib/ext/cldrdata.jar
7f0696385000-7f0696386000 ---p 00000000 00:00 0 
7f0696386000-7f0696486000 rw-p 00000000 00:00 0                          [stack:7838]
7f0696486000-7f0696489000 ---p 00000000 00:00 0 
7f0696489000-7f0696587000 rw-p 00000000 00:00 0                          [stack:7837]
7f0696587000-7f069658a000 ---p 00000000 00:00 0 
7f069658a000-7f0696688000 rw-p 00000000 00:00 0                          [stack:7836]
7f0696688000-7f069668b000 ---p 00000000 00:00 0 
7f069668b000-7f0696789000 rw-p 00000000 00:00 0                          [stack:7835]
7f0696789000-7f069678c000 ---p 00000000 00:00 0 
7f069678c000-7f069688a000 rw-p 00000000 00:00 0                          [stack:7834]
7f069688a000-7f069688d000 ---p 00000000 00:00 0 
7f069688d000-7f069698b000 rw-p 00000000 00:00 0                          [stack:7833]
7f069698b000-7f069706d000 r--p 00000000 08:01 19274882                   /usr/lib/locale/locale-archive
7f069706d000-7f0697070000 ---p 00000000 00:00 0 
7f0697070000-7f069716e000 rw-p 00000000 00:00 0                          [stack:7832]
7f069716e000-7f0697171000 ---p 00000000 00:00 0 
7f0697171000-7f069726f000 rw-p 00000000 00:00 0                          [stack:7831]
7f069726f000-7f0697270000 ---p 00000000 00:00 0 
7f0697270000-7f0698000000 rw-p 00000000 00:00 0                          [stack:7830]
7f0698000000-7f0698021000 rw-p 00000000 00:00 0 
7f0698021000-7f069c000000 ---p 00000000 00:00 0 
7f069c000000-7f069c001000 r--s 00000000 08:01 17957011                   /var/cache/fontconfig/0c9eb80ebd1c36541ebe2852d3bb0c49-le64.cache-4
7f069c001000-7f069c005000 r--s 00000000 08:01 17957023                   /var/cache/fontconfig/7ef2298fde41cc6eeb7af42e48b7d293-le64.cache-4
7f069c005000-7f069c01e000 r--s 001c2000 08:01 19531355                   /usr/lib/jvm/java-8-openjdk-amd64/jre/lib/ext/nashorn.jar
7f069c01e000-7f06a0000000 rw-p 00000000 00:00 0 
7f06a0000000-7f06a0021000 rw-p 00000000 00:00 0 
7f06a0021000-7f06a4000000 ---p 00000000 00:00 0 
7f06a4000000-7f06a4002000 r--p 00000000 08:01 20973670                   /usr/share/locale-langpack/en_GB/LC_MESSAGES/glib20.mo
7f06a4002000-7f06a4006000 r--p 00000000 08:01 20973716                   /usr/share/locale-langpack/en_GB/LC_MESSAGES/gtk30-properties.mo
7f06a4006000-7f06a4154000 rw-p 00000000 00:00 0 
7f06a4154000-7f06a4321000 r--s 03bc6000 08:01 19531339                   /usr/lib/jvm/java-8-openjdk-amd64/jre/lib/rt.jar
7f06a4321000-7f06a4aa1000 rw-p 00000000 00:00 0 
7f06a4aa1000-7f06a4b21000 ---p 00000000 00:00 0 
7f06a4b21000-7f06a4eff000 rw-p 00000000 00:00 0 
7f06a4eff000-7f06a4f00000 ---p 00000000 00:00 0 
7f06a4f00000-7f06a5000000 rw-p 00000000 00:00 0                          [stack:7829]
7f06a5000000-7f06a5270000 rwxp 00000000 00:00 0 
7f06a5270000-7f06b4000000 ---p 00000000 00:00 0 
7f06b4000000-7f06b46a9000 rw-p 00000000 00:00 0 
7f06b46a9000-7f06b8000000 ---p 00000000 00:00 0 
7f06b8000000-7f06b8001000 r--s 00000000 08:01 17957025                   /var/cache/fontconfig/62f91419b9ebdb6975e7e41ab6412357-le64.cache-4
7f06b8001000-7f06b8077000 rw-p 00000000 00:00 0 
7f06b8077000-7f06b8078000 ---p 00000000 00:00 0 
7f06b8078000-7f06b8178000 rw-p 00000000 00:00 0                          [stack:7828]
7f06b8178000-7f06b8179000 ---p 00000000 00:00 0 
7f06b8179000-7f06b8279000 rw-p 00000000 00:00 0                          [stack:7827]
7f06b8279000-7f06b827a000 ---p 00000000 00:00 0 
7f06b827a000-7f06b83a4000 rw-p 00000000 00:00 0                          [stack:7826]
7f06b83a4000-7f06b860e000 ---p 00000000 00:00 0 
7f06b860e000-7f06b8638000 rw-p 00000000 00:00 0 
7f06b8638000-7f06b88a2000 ---p 00000000 00:00 0 
7f06b88a2000-7f06b88b7000 rw-p 00000000 00:00 0 
7f06b88b7000-7f06b89ec000 ---p 00000000 00:00 0 
7f06b89ec000-7f06b89f7000 rw-p 00000000 00:00 0 
7f06b89f7000-7f06b8dad000 ---p 00000000 00:00 0 
7f06b8dad000-7f06b8db5000 r-xp 00000000 08:01 19531368                   /usr/lib/jvm/java-8-openjdk-amd64/jre/lib/amd64/libzip.so
7f06b8db5000-7f06b8fb4000 ---p 00008000 08:01 19531368                   /usr/lib/jvm/java-8-openjdk-amd64/jre/lib/amd64/libzip.so
7f06b8fb4000-7f06b8fb5000 r--p 00007000 08:01 19531368                   /usr/lib/jvm/java-8-openjdk-amd64/jre/lib/amd64/libzip.so
7f06b8fb5000-7f06b8fb6000 rw-p 00008000 08:01 19531368                   /usr/lib/jvm/java-8-openjdk-amd64/jre/lib/amd64/libzip.so
7f06b8fb6000-7f06b8fc1000 r-xp 00000000 08:01 13762664                   /lib/x86_64-linux-gnu/libnss_files-2.19.so
7f06b8fc1000-7f06b91c0000 ---p 0000b000 08:01 13762664                   /lib/x86_64-linux-gnu/libnss_files-2.19.so
7f06b91c0000-7f06b91c1000 r--p 0000a000 08:01 13762664                   /lib/x86_64-linux-gnu/libnss_files-2.19.so
7f06b91c1000-7f06b91c2000 rw-p 0000b000 08:01 13762664                   /lib/x86_64-linux-gnu/libnss_files-2.19.so
7f06b91c2000-7f06b91cd000 r-xp 00000000 08:01 13762656                   /lib/x86_64-linux-gnu/libnss_nis-2.19.so
7f06b91cd000-7f06b93cc000 ---p 0000b000 08:01 13762656                   /lib/x86_64-linux-gnu/libnss_nis-2.19.so
7f06b93cc000-7f06b93cd000 r--p 0000a000 08:01 13762656                   /lib/x86_64-linux-gnu/libnss_nis-2.19.so
7f06b93cd000-7f06b93ce000 rw-p 0000b000 08:01 13762656                   /lib/x86_64-linux-gnu/libnss_nis-2.19.so
7f06b93ce000-7f06b93e5000 r-xp 00000000 08:01 13762575                   /lib/x86_64-linux-gnu/libnsl-2.19.so
7f06b93e5000-7f06b95e4000 ---p 00017000 08:01 13762575                   /lib/x86_64-linux-gnu/libnsl-2.19.so
7f06b95e4000-7f06b95e5000 r--p 00016000 08:01 13762575                   /lib/x86_64-linux-gnu/libnsl-2.19.so
7f06b95e5000-7f06b95e6000 rw-p 00017000 08:01 13762575                   /lib/x86_64-linux-gnu/libnsl-2.19.so
7f06b95e6000-7f06b95e8000 rw-p 00000000 00:00 0 
7f06b95e8000-7f06b95f1000 r-xp 00000000 08:01 13762652                   /lib/x86_64-linux-gnu/libnss_compat-2.19.so
7f06b95f1000-7f06b97f0000 ---p 00009000 08:01 13762652                   /lib/x86_64-linux-gnu/libnss_compat-2.19.so
7f06b97f0000-7f06b97f1000 r--p 00008000 08:01 13762652                   /lib/x86_64-linux-gnu/libnss_compat-2.19.so
7f06b97f1000-7f06b97f2000 rw-p 00009000 08:01 13762652                   /lib/x86_64-linux-gnu/libnss_compat-2.19.so
7f06b97f2000-7f06b981f000 r-xp 00000000 08:01 19531363                   /usr/lib/jvm/java-8-openjdk-amd64/jre/lib/amd64/libjava.so
7f06b981f000-7f06b9a1f000 ---p 0002d000 08:01 19531363                   /usr/lib/jvm/java-8-openjdk-amd64/jre/lib/amd64/libjava.so
7f06b9a1f000-7f06b9a20000 r--p 0002d000 08:01 19531363                   /usr/lib/jvm/java-8-openjdk-amd64/jre/lib/amd64/libjava.so
7f06b9a20000-7f06b9a22000 rw-p 0002e000 08:01 19531363                   /usr/lib/jvm/java-8-openjdk-amd64/jre/lib/amd64/libjava.so
7f06b9a22000-7f06b9a33000 r-xp 00000000 08:01 19531453                   /usr/lib/jvm/java-8-openjdk-amd64/jre/lib/amd64/libverify.so
7f06b9a33000-7f06b9c32000 ---p 00011000 08:01 19531453                   /usr/lib/jvm/java-8-openjdk-amd64/jre/lib/amd64/libverify.so
7f06b9c32000-7f06b9c34000 r--p 00010000 08:01 19531453                   /usr/lib/jvm/java-8-openjdk-amd64/jre/lib/amd64/libverify.so
7f06b9c34000-7f06b9c35000 rw-p 00012000 08:01 19531453                   /usr/lib/jvm/java-8-openjdk-amd64/jre/lib/amd64/libverify.so
7f06b9c35000-7f06b9c3c000 r-xp 00000000 08:01 13762655                   /lib/x86_64-linux-gnu/librt-2.19.so
7f06b9c3c000-7f06b9e3b000 ---p 00007000 08:01 13762655                   /lib/x86_64-linux-gnu/librt-2.19.so
7f06b9e3b000-7f06b9e3c000 r--p 00006000 08:01 13762655                   /lib/x86_64-linux-gnu/librt-2.19.so
7f06b9e3c000-7f06b9e3d000 rw-p 00007000 08:01 13762655                   /lib/x86_64-linux-gnu/librt-2.19.so
7f06b9e3d000-7f06b9e53000 r-xp 00000000 08:01 13766726                   /lib/x86_64-linux-gnu/libgcc_s.so.1
7f06b9e53000-7f06ba052000 ---p 00016000 08:01 13766726                   /lib/x86_64-linux-gnu/libgcc_s.so.1
7f06ba052000-7f06ba053000 r--p 00015000 08:01 13766726                   /lib/x86_64-linux-gnu/libgcc_s.so.1
7f06ba053000-7f06ba054000 rw-p 00016000 08:01 13766726                   /lib/x86_64-linux-gnu/libgcc_s.so.1
7f06ba054000-7f06ba159000 r-xp 00000000 08:01 13762657                   /lib/x86_64-linux-gnu/libm-2.19.so
7f06ba159000-7f06ba358000 ---p 00105000 08:01 13762657                   /lib/x86_64-linux-gnu/libm-2.19.so
7f06ba358000-7f06ba359000 r--p 00104000 08:01 13762657                   /lib/x86_64-linux-gnu/libm-2.19.so
7f06ba359000-7f06ba35a000 rw-p 00105000 08:01 13762657                   /lib/x86_64-linux-gnu/libm-2.19.so
7f06ba35a000-7f06ba44a000 r-xp 00000000 08:01 19276513                   /usr/lib/x86_64-linux-gnu/libstdc++.so.6.0.20
7f06ba44a000-7f06ba64a000 ---p 000f0000 08:01 19276513                   /usr/lib/x86_64-linux-gnu/libstdc++.so.6.0.20
7f06ba64a000-7f06ba652000 r--p 000f0000 08:01 19276513                   /usr/lib/x86_64-linux-gnu/libstdc++.so.6.0.20
7f06ba652000-7f06ba654000 rw-p 000f8000 08:01 19276513                   /usr/lib/x86_64-linux-gnu/libstdc++.so.6.0.20
7f06ba654000-7f06ba669000 rw-p 00000000 00:00 0 
7f06ba669000-7f06bb2e6000 r-xp 00000000 08:01 19531379                   /usr/lib/jvm/java-8-openjdk-amd64/jre/lib/amd64/server/libjvm.so
7f06bb2e6000-7f06bb4e5000 ---p 00c7d000 08:01 19531379                   /usr/lib/jvm/java-8-openjdk-amd64/jre/lib/amd64/server/libjvm.so
7f06bb4e5000-7f06bb588000 r--p 00c7c000 08:01 19531379                   /usr/lib/jvm/java-8-openjdk-amd64/jre/lib/amd64/server/libjvm.so
7f06bb588000-7f06bb5b1000 rw-p 00d1f000 08:01 19531379                   /usr/lib/jvm/java-8-openjdk-amd64/jre/lib/amd64/server/libjvm.so
7f06bb5b1000-7f06bb5e0000 rw-p 00000000 00:00 0 
7f06bb5e0000-7f06bb5f8000 r-xp 00000000 08:01 13762653                   /lib/x86_64-linux-gnu/libpthread-2.19.so
7f06bb5f8000-7f06bb7f8000 ---p 00018000 08:01 13762653                   /lib/x86_64-linux-gnu/libpthread-2.19.so
7f06bb7f8000-7f06bb7f9000 r--p 00018000 08:01 13762653                   /lib/x86_64-linux-gnu/libpthread-2.19.so
7f06bb7f9000-7f06bb7fa000 rw-p 00019000 08:01 13762653                   /lib/x86_64-linux-gnu/libpthread-2.19.so
7f06bb7fa000-7f06bb7fe000 rw-p 00000000 00:00 0 
7f06bb7fe000-7f06bb801000 r-xp 00000000 08:01 13766714                   /lib/x86_64-linux-gnu/libdl-2.19.so
7f06bb801000-7f06bba00000 ---p 00003000 08:01 13766714                   /lib/x86_64-linux-gnu/libdl-2.19.so
7f06bba00000-7f06bba01000 r--p 00002000 08:01 13766714                   /lib/x86_64-linux-gnu/libdl-2.19.so
7f06bba01000-7f06bba02000 rw-p 00003000 08:01 13766714                   /lib/x86_64-linux-gnu/libdl-2.19.so
7f06bba02000-7f06bba1a000 r-xp 00000000 08:01 13766870                   /lib/x86_64-linux-gnu/libz.so.1.2.8
7f06bba1a000-7f06bbc19000 ---p 00018000 08:01 13766870                   /lib/x86_64-linux-gnu/libz.so.1.2.8
7f06bbc19000-7f06bbc1a000 r--p 00017000 08:01 13766870                   /lib/x86_64-linux-gnu/libz.so.1.2.8
7f06bbc1a000-7f06bbc1b000 rw-p 00018000 08:01 13766870                   /lib/x86_64-linux-gnu/libz.so.1.2.8
7f06bbc1b000-7f06bbdd5000 r-xp 00000000 08:01 13762565                   /lib/x86_64-linux-gnu/libc-2.19.so
7f06bbdd5000-7f06bbfd5000 ---p 001ba000 08:01 13762565                   /lib/x86_64-linux-gnu/libc-2.19.so
7f06bbfd5000-7f06bbfd9000 r--p 001ba000 08:01 13762565                   /lib/x86_64-linux-gnu/libc-2.19.so
7f06bbfd9000-7f06bbfdb000 rw-p 001be000 08:01 13762565                   /lib/x86_64-linux-gnu/libc-2.19.so
7f06bbfdb000-7f06bbfe0000 rw-p 00000000 00:00 0 
7f06bbfe0000-7f06bbfee000 r-xp 00000000 08:01 19531373                   /usr/lib/jvm/java-8-openjdk-amd64/jre/lib/amd64/jli/libjli.so
7f06bbfee000-7f06bc1ed000 ---p 0000e000 08:01 19531373                   /usr/lib/jvm/java-8-openjdk-amd64/jre/lib/amd64/jli/libjli.so
7f06bc1ed000-7f06bc1ee000 r--p 0000d000 08:01 19531373                   /usr/lib/jvm/java-8-openjdk-amd64/jre/lib/amd64/jli/libjli.so
7f06bc1ee000-7f06bc1ef000 rw-p 0000e000 08:01 19531373                   /usr/lib/jvm/java-8-openjdk-amd64/jre/lib/amd64/jli/libjli.so
7f06bc1ef000-7f06bc212000 r-xp 00000000 08:01 13762659                   /lib/x86_64-linux-gnu/ld-2.19.so
7f06bc212000-7f06bc213000 r--p 00000000 08:01 20973579                   /usr/share/locale-langpack/en_GB/LC_MESSAGES/atk10.mo
7f06bc213000-7f06bc214000 r--p 00000000 08:01 20973771                   /usr/share/locale-langpack/en_GB/LC_MESSAGES/libc.mo
7f06bc214000-7f06bc215000 r--p 00000000 08:01 20460089                   /usr/share/locale-langpack/en/LC_MESSAGES/gtk30.mo
7f06bc215000-7f06bc218000 r--p 00000000 08:01 20973717                   /usr/share/locale-langpack/en_GB/LC_MESSAGES/gtk30.mo
7f06bc218000-7f06bc219000 r--s 00010000 08:01 19531353                   /usr/lib/jvm/java-8-openjdk-amd64/jre/lib/ext/zipfs.jar
7f06bc219000-7f06bc21c000 r--s 0000f000 08:01 19531347                   /usr/lib/jvm/java-8-openjdk-amd64/jre/lib/ext/icedtea-sound.jar
7f06bc21c000-7f06bc21e000 r--s 00006000 08:01 19664703                   /usr/share/java/java-atk-wrapper.jar
7f06bc21e000-7f06bc221000 r--s 00037000 08:01 19531348                   /usr/lib/jvm/java-8-openjdk-amd64/jre/lib/ext/sunpkcs11.jar
7f06bc221000-7f06bc223000 r--s 00001000 08:01 19531352                   /usr/lib/jvm/java-8-openjdk-amd64/jre/lib/ext/dnsns.jar
7f06bc223000-7f06bc229000 r--s 0003a000 08:01 19531350                   /usr/lib/jvm/java-8-openjdk-amd64/jre/lib/ext/sunjce_provider.jar
7f06bc229000-7f06bc2f4000 rw-p 00000000 00:00 0 
7f06bc2f4000-7f06bc2f7000 ---p 00000000 00:00 0 
7f06bc2f7000-7f06bc3fa000 rw-p 00000000 00:00 0                          [stack:7825]
7f06bc3fa000-7f06bc3fb000 r--s 00008000 08:01 19531351                   /usr/lib/jvm/java-8-openjdk-amd64/jre/lib/ext/sunec.jar
7f06bc3fb000-7f06bc405000 r--s 00116000 08:01 19531349                   /usr/lib/jvm/java-8-openjdk-amd64/jre/lib/ext/localedata.jar
7f06bc405000-7f06bc40d000 rw-s 00000000 08:01 24510519                   /tmp/hsperfdata_dan/7819
7f06bc40d000-7f06bc40e000 rw-p 00000000 00:00 0 
7f06bc40e000-7f06bc40f000 r--p 00000000 00:00 0 
7f06bc40f000-7f06bc411000 rw-p 00000000 00:00 0 
7f06bc411000-7f06bc412000 r--p 00022000 08:01 13762659                   /lib/x86_64-linux-gnu/ld-2.19.so
7f06bc412000-7f06bc413000 rw-p 00023000 08:01 13762659                   /lib/x86_64-linux-gnu/ld-2.19.so
7f06bc413000-7f06bc414000 rw-p 00000000 00:00 0 
7fff67902000-7fff67923000 rw-p 00000000 00:00 0                          [stack]
7fff67943000-7fff67945000 r-xp 00000000 00:00 0                          [vdso]
7fff67945000-7fff67947000 r--p 00000000 00:00 0                          [vvar]
ffffffffff600000-ffffffffff601000 r-xp 00000000 00:00 0                  [vsyscall]

VM Arguments:
jvm_args: -Dfile.encoding=UTF-8 
java_command: Client.LoginLinux
java_class_path (initial): /media/share/Code/workspace/CipherChat/bin:/media/share/Code/workspace/CipherChat/res:/usr/share/java/gtk-4.1.jar
Launcher Type: SUN_STANDARD

Environment Variables:
PATH=/usr/local/sbin:/usr/local/bin:/usr/sbin:/usr/bin:/sbin:/bin:/usr/games:/usr/local/games
USERNAME=dan
SHELL=/bin/bash
DISPLAY=:0

Signal Handlers:
SIGSEGV: [libjvm.so+0xa83200], sa_mask[0]=11111111011111111101111111111110, sa_flags=SA_RESTART|SA_SIGINFO
SIGBUS: [libjvm.so+0xa83200], sa_mask[0]=11111111011111111101111111111110, sa_flags=SA_RESTART|SA_SIGINFO
SIGFPE: [libjvm.so+0x8cd920], sa_mask[0]=11111111011111111101111111111110, sa_flags=SA_RESTART|SA_SIGINFO
SIGPIPE: SIG_IGN, sa_mask[0]=00000000000010000000000000000000, sa_flags=SA_RESTART
SIGXFSZ: [libjvm.so+0x8cd920], sa_mask[0]=11111111011111111101111111111110, sa_flags=SA_RESTART|SA_SIGINFO
SIGILL: [libjvm.so+0x8cd920], sa_mask[0]=11111111011111111101111111111110, sa_flags=SA_RESTART|SA_SIGINFO
SIGUSR1: SIG_DFL, sa_mask[0]=00000000000000000000000000000000, sa_flags=none
SIGUSR2: [libjvm.so+0x8cd7d0], sa_mask[0]=00100000000000000000000000000000, sa_flags=SA_RESTART|SA_SIGINFO
SIGHUP: [libjvm.so+0x8cd970], sa_mask[0]=11111111011111111101111111111110, sa_flags=SA_RESTART|SA_SIGINFO
SIGINT: [libjvm.so+0x8cd970], sa_mask[0]=11111111011111111101111111111110, sa_flags=SA_RESTART|SA_SIGINFO
SIGTERM: [libjvm.so+0x8cd970], sa_mask[0]=11111111011111111101111111111110, sa_flags=SA_RESTART|SA_SIGINFO
SIGQUIT: [libjvm.so+0x8cd970], sa_mask[0]=11111111011111111101111111111110, sa_flags=SA_RESTART|SA_SIGINFO


---------------  S Y S T E M  ---------------

OS:DISTRIB_ID=Ubuntu
DISTRIB_RELEASE=14.10
DISTRIB_CODENAME=utopic
DISTRIB_DESCRIPTION="Ubuntu 14.10"

uname:Linux 3.16.0-23-generic #31-Ubuntu SMP Tue Oct 21 17:56:17 UTC 2014 x86_64
libc:glibc 2.19 NPTL 2.19 
rlimit: STACK 8192k, CORE 0k, NPROC 31561, NOFILE 4096, AS infinity
load average:0.03 0.14 0.20

/proc/meminfo:
MemTotal:        8101904 kB
MemFree:         5142064 kB
MemAvailable:    6080148 kB
Buffers:           69352 kB
Cached:          1276984 kB
SwapCached:            0 kB
Active:          2045532 kB
Inactive:         690776 kB
Active(anon):    1391828 kB
Inactive(anon):   271012 kB
Active(file):     653704 kB
Inactive(file):   419764 kB
Unevictable:          32 kB
Mlocked:              32 kB
SwapTotal:       8311804 kB
SwapFree:        8311804 kB
Dirty:                60 kB
Writeback:             0 kB
AnonPages:       1390084 kB
Mapped:           351572 kB
Shmem:            272872 kB
Slab:              98152 kB
SReclaimable:      67116 kB
SUnreclaim:        31036 kB
KernelStack:        8256 kB
PageTables:        32776 kB
NFS_Unstable:          0 kB
Bounce:                0 kB
WritebackTmp:          0 kB
CommitLimit:    12362756 kB
Committed_AS:    4619692 kB
VmallocTotal:   34359738367 kB
VmallocUsed:      558116 kB
VmallocChunk:   34359162764 kB
HardwareCorrupted:     0 kB
AnonHugePages:    743424 kB
HugePages_Total:       0
HugePages_Free:        0
HugePages_Rsvd:        0
HugePages_Surp:        0
Hugepagesize:       2048 kB
DirectMap4k:       81664 kB
DirectMap2M:     2990080 kB
DirectMap1G:     5242880 kB


CPU:total 4 (2 cores per cpu, 2 threads per core) family 6 model 69 stepping 1, cmov, cx8, fxsr, mmx, sse, sse2, sse3, ssse3, sse4.1, sse4.2, popcnt, avx, avx2, aes, clmul, erms, lzcnt, ht, tsc, tscinvbit, bmi1, bmi2

/proc/cpuinfo:
processor	: 0
vendor_id	: GenuineIntel
cpu family	: 6
model		: 69
model name	: Intel(R) Core(TM) i7-4510U CPU @ 2.00GHz
stepping	: 1
microcode	: 0x17
cpu MHz		: 2800.789
cache size	: 4096 KB
physical id	: 0
siblings	: 4
core id		: 0
cpu cores	: 2
apicid		: 0
initial apicid	: 0
fpu		: yes
fpu_exception	: yes
cpuid level	: 13
wp		: yes
flags		: fpu vme de pse tsc msr pae mce cx8 apic sep mtrr pge mca cmov pat pse36 clflush dts acpi mmx fxsr sse sse2 ss ht tm pbe syscall nx pdpe1gb rdtscp lm constant_tsc arch_perfmon pebs bts rep_good nopl xtopology nonstop_tsc aperfmperf eagerfpu pni pclmulqdq dtes64 monitor ds_cpl vmx est tm2 ssse3 fma cx16 xtpr pdcm pcid sse4_1 sse4_2 movbe popcnt tsc_deadline_timer aes xsave avx f16c rdrand lahf_lm abm ida arat epb xsaveopt pln pts dtherm tpr_shadow vnmi flexpriority ept vpid fsgsbase tsc_adjust bmi1 avx2 smep bmi2 erms invpcid
bogomips	: 5188.00
clflush size	: 64
cache_alignment	: 64
address sizes	: 39 bits physical, 48 bits virtual
power management:

processor	: 1
vendor_id	: GenuineIntel
cpu family	: 6
model		: 69
model name	: Intel(R) Core(TM) i7-4510U CPU @ 2.00GHz
stepping	: 1
microcode	: 0x17
cpu MHz		: 1169.187
cache size	: 4096 KB
physical id	: 0
siblings	: 4
core id		: 0
cpu cores	: 2
apicid		: 1
initial apicid	: 1
fpu		: yes
fpu_exception	: yes
cpuid level	: 13
wp		: yes
flags		: fpu vme de pse tsc msr pae mce cx8 apic sep mtrr pge mca cmov pat pse36 clflush dts acpi mmx fxsr sse sse2 ss ht tm pbe syscall nx pdpe1gb rdtscp lm constant_tsc arch_perfmon pebs bts rep_good nopl xtopology nonstop_tsc aperfmperf eagerfpu pni pclmulqdq dtes64 monitor ds_cpl vmx est tm2 ssse3 fma cx16 xtpr pdcm pcid sse4_1 sse4_2 movbe popcnt tsc_deadline_timer aes xsave avx f16c rdrand lahf_lm abm ida arat epb xsaveopt pln pts dtherm tpr_shadow vnmi flexpriority ept vpid fsgsbase tsc_adjust bmi1 avx2 smep bmi2 erms invpcid
bogomips	: 5188.00
clflush size	: 64
cache_alignment	: 64
address sizes	: 39 bits physical, 48 bits virtual
power management:

processor	: 2
vendor_id	: GenuineIntel
cpu family	: 6
model		: 69
model name	: Intel(R) Core(TM) i7-4510U CPU @ 2.00GHz
stepping	: 1
microcode	: 0x17
cpu MHz		: 2204.414
cache size	: 4096 KB
physical id	: 0
siblings	: 4
core id		: 1
cpu cores	: 2
apicid		: 2
initial apicid	: 2
fpu		: yes
fpu_exception	: yes
cpuid level	: 13
wp		: yes
flags		: fpu vme de pse tsc msr pae mce cx8 apic sep mtrr pge mca cmov pat pse36 clflush dts acpi mmx fxsr sse sse2 ss ht tm pbe syscall nx pdpe1gb rdtscp lm constant_tsc arch_perfmon pebs bts rep_good nopl xtopology nonstop_tsc aperfmperf eagerfpu pni pclmulqdq dtes64 monitor ds_cpl vmx est tm2 ssse3 fma cx16 xtpr pdcm pcid sse4_1 sse4_2 movbe popcnt tsc_deadline_timer aes xsave avx f16c rdrand lahf_lm abm ida arat epb xsaveopt pln pts dtherm tpr_shadow vnmi flexpriority ept vpid fsgsbase tsc_adjust bmi1 avx2 smep bmi2 erms invpcid
bogomips	: 5188.00
clflush size	: 64
cache_alignment	: 64
address sizes	: 39 bits physical, 48 bits virtual
power management:

processor	: 3
vendor_id	: GenuineIntel
cpu family	: 6
model		: 69
model name	: Intel(R) Core(TM) i7-4510U CPU @ 2.00GHz
stepping	: 1
microcode	: 0x17
cpu MHz		: 2745.843
cache size	: 4096 KB
physical id	: 0
siblings	: 4
core id		: 1
cpu cores	: 2
apicid		: 3
initial apicid	: 3
fpu		: yes
fpu_exception	: yes
cpuid level	: 13
wp		: yes
flags		: fpu vme de pse tsc msr pae mce cx8 apic sep mtrr pge mca cmov pat pse36 clflush dts acpi mmx fxsr sse sse2 ss ht tm pbe syscall nx pdpe1gb rdtscp lm constant_tsc arch_perfmon pebs bts rep_good nopl xtopology nonstop_tsc aperfmperf eagerfpu pni pclmulqdq dtes64 monitor ds_cpl vmx est tm2 ssse3 fma cx16 xtpr pdcm pcid sse4_1 sse4_2 movbe popcnt tsc_deadline_timer aes xsave avx f16c rdrand lahf_lm abm ida arat epb xsaveopt pln pts dtherm tpr_shadow vnmi flexpriority ept vpid fsgsbase tsc_adjust bmi1 avx2 smep bmi2 erms invpcid
bogomips	: 5188.00
clflush size	: 64
cache_alignment	: 64
address sizes	: 39 bits physical, 48 bits virtual
power management:



Memory: 4k page, physical 8101904k(5142064k free), swap 8311804k(8311804k free)

vm_info: OpenJDK 64-Bit Server VM (25.40-b13) for linux-amd64 JRE (1.8.0_40-internal-b09), built on Oct 14 2014 17:09:13 by "buildd" with gcc 4.9.1

time: Sat Jan 10 02:07:58 2015
elapsed time: 6 seconds (0d 0h 0m 6s)

